[LOG]: [32mok sam tel[0m
[LOG]: 6878644
[LOG]: Generated Number:
[LOG]: [32mTitle is correct![0m
[LOG]: [32mTitle is correct![0m
[LOG]: [32mText found: Ø³Ø§Ù…â€ŒØªÙ„[0m
[LOG]: [32mText found: Ø³Ø§Ù…â€ŒØªÙ„[0m
[LOG]: [32mText found: Ø³Ø§Ù…â€ŒØªÙ„[0m
[LOG]: Generated Random Number (Mobile):
[LOG]: Generated Random Number (Mobile):
[LOG]: Generated National ID:
[LOG]: Generated National ID:
[ERROR]: [31mError occurred:[0m
[LOG]: Generated Random Number (Mobile):
[LOG]: Generated Random Number (Mobile):
[LOG]: Generated National ID:
[LOG]: Generated National ID:
[LOG]: Generated National ID:
[LOG]: [32mForm submitted successfully![0m
[LOG]: [32mForm submitted successfully![0m
[LOG]: [32mForm submitted successfully![0m
[LOG]: [32mTitle is correct![0m
[LOG]: [32mText found: Ø³Ø§Ù…â€ŒØªÙ„[0m
[LOG]: [32mok sam tel[0m
[LOG]: 5285898
[LOG]: Generated Number:
[LOG]: Generated Random Number (Mobile):
[LOG]: Generated National ID:
[LOG]: Generated National ID:
[LOG]: [32mTitle is correct![0m
[LOG]: [32mTitle is correct![0m
[LOG]: [32mText found: Ø³Ø§Ù…â€ŒØªÙ„[0m
[LOG]: [32mText found: Ø³Ø§Ù…â€ŒØªÙ„[0m
[LOG]: Generated Random Number (Mobile):
[LOG]: Generated Random Number (Mobile):
[LOG]: Generated Random Number (Mobile):
[LOG]: Generated National ID:
[LOG]: Generated National ID:
[LOG]: Generated National ID:
[ERROR]: [31mError occurred:[0m
[LOG]: [32mForm submitted successfully![0m
[LOG]: [32mForm submitted successfully![0m
[LOG]: [32mForm submitted successfully![0m
[LOG]: [32mTitle is correct![0m
[LOG]: [32mTitle is correct![0m
[LOG]: [32mText found: Ø³Ø§Ù…â€ŒØªÙ„[0m
[LOG]: [32mText found: Ø³Ø§Ù…â€ŒØªÙ„[0m
[LOG]: [32mText found: Ø³Ø§Ù…â€ŒØªÙ„[0m
[LOG]: Generated Random Number (Mobile):
[LOG]: Generated Random Number (Mobile):
[LOG]: Generated National ID:
[LOG]: Generated National ID:
[LOG]: Generated Random Number (Mobile):
[LOG]: Generated Random Number (Mobile):
[LOG]: Generated National ID:
[LOG]: Generated National ID:
[LOG]: Generated National ID:
[LOG]: [32mok sam tel[0m
[LOG]: [32mok sam tel[0m
[LOG]: [32mok sam tel[0m
[LOG]: 9361920
[LOG]: 9361920
[LOG]: Generated Number:
[LOG]: Generated Number:
[LOG]: 9361920
[LOG]: Generated Number:
[LOG]: [32mForm submitted successfully![0m
[LOG]: [32mForm submitted successfully![0m
[LOG]: [32mForm submitted successfully![0m
[ERROR]: [31mError occurred:[0m
[ERROR]: [31mError occurred:[0m
[ERROR]: Error occurred:
[ERROR]: Error occurred:
[ERROR]: [31mError occurred:[0m
[ERROR]: Error occurred:
[ERROR]: Error occurred:
[ERROR]: Error occurred:
[ERROR]: [31mError occurred:[0m
[ERROR]: Error occurred:
[ERROR]: [31mError occurred:[0m
[ERROR]: Error occurred:
[ERROR]: [31mError occurred:[0m
[ERROR]: Error occurred:
[ERROR]: [31mError occurred:[0m
[ERROR]: [31mError occurred:[0m
[ERROR]: [31mError occurred:[0m
[ERROR]: [31mError occurred:[0m
[ERROR]: Error occurred:
[LOG]: line26
[ERROR]: Error occurred:
[ERROR]: [31mError occurred:[0m
[ERROR]: [31mError occurred:[0m
[LOG]: line26
[ERROR]: Error occurred:
[ERROR]: [31mError occurred:[0m
[ERROR]: [31mError occurred:[0m
[LOG]: line26
[LOG]: [object Object]
[ERROR]: [31mError occurred:[0m
[ERROR]: [31mError occurred:[0m
[ERROR]: Error occurred:
[LOG]: line26
[LOG]: [object Object]
[LOG]: [32mTitle is correct![0m
[LOG]: [32mText found: Ø³Ø§Ù…â€ŒØªÙ„[0m
[ERROR]: Error occurred:
[ERROR]: [31mError occurred:[0m
[ERROR]: [31mError occurred:[0m
[LOG]: [32mTitle is correct![0m
[LOG]: [32mText found: Ø³Ø§Ù…â€ŒØªÙ„[0m
[ERROR]: [31mError occurred:[0m
[ERROR]: Error occurred:
[ERROR]: [31mError occurred:[0m
[LOG]: [32mTitle is correct![0m
[LOG]: [32mText found: Ø³Ø§Ù…â€ŒØªÙ„[0m
[ERROR]: [31mError occurred:[0m
[ERROR]: Error occurred:
[ERROR]: [31mError occurred:[0m
[LOG]: [32mTitle is correct![0m
[LOG]: [32mText found: Ø³Ø§Ù…â€ŒØªÙ„[0m
[LOG]: [32mok sam tel[0m
[LOG]: 9467759
[LOG]: Generated Number:
[LOG]: [32mTitle is correct![0m
[LOG]: [32mText found: Ø³Ø§Ù…â€ŒØªÙ„[0m
[ERROR]: Error occurred:
[ERROR]: [31mError occurred:[0m
[ERROR]: [31mError occurred:[0m
[LOG]: [32mok sam tel[0m
[LOG]: 4794890
[LOG]: Generated Number:
[LOG]: [32mTitle is correct![0m
[LOG]: [32mText found: Ø³Ø§Ù…â€ŒØªÙ„[0m
[LOG]: [32mTitle is correct![0m
[LOG]: [32mText found: Ø³Ø§Ù…â€ŒØªÙ„[0m
[ERROR]: Error occurred:
[ERROR]: [31mError occurred:[0m
[ERROR]: [31mError occurred:[0m
[LOG]: [32mok sam tel[0m
[LOG]: 2870539
[LOG]: Generated Number:
[LOG]: [32mTitle is correct![0m
[LOG]: [32mText found: Ø³Ø§Ù…â€ŒØªÙ„[0m
[LOG]: [32mTitle is correct![0m
[LOG]: [32mTitle is correct![0m
[LOG]: [32mText found: Ø³Ø§Ù…â€ŒØªÙ„[0m
[LOG]: [32mText found: Ø³Ø§Ù…â€ŒØªÙ„[0m
[ERROR]: Error occurred:
[ERROR]: [31mError occurred:[0m
[ERROR]: [31mError occurred:[0m
[LOG]: [32mok sam tel[0m
[LOG]: 4052839
[LOG]: Generated Number:
[LOG]: [32mTitle is correct![0m
[LOG]: [32mText found: Ø³Ø§Ù…â€ŒØªÙ„[0m
[LOG]: [32mTitle is correct![0m
[LOG]: [32mText found: Ø³Ø§Ù…â€ŒØªÙ„[0m
[ERROR]: Error occurred:
[ERROR]: [31mError occurred:[0m
[ERROR]: [31mError occurred:[0m
[LOG]: [32mTitle is correct![0m
[LOG]: [32mText found: Ø³Ø§Ù…â€ŒØªÙ„[0m
[LOG]: [32mok sam tel[0m
[LOG]: [32mok sam tel[0m
[LOG]: 4214153
[LOG]: Generated Number:
[LOG]: 4214153
[LOG]: Generated Number:
[LOG]: [32mTitle is correct![0m
[LOG]: [32mTitle is correct![0m
[LOG]: [32mText found: Ø³Ø§Ù…â€ŒØªÙ„[0m
[LOG]: [32mText found: Ø³Ø§Ù…â€ŒØªÙ„[0m
[ERROR]: Error occurred:
[ERROR]: [31mError occurred:[0m
[ERROR]: [31mError occurred:[0m
[LOG]: [32mTitle is correct![0m
[LOG]: [32mText found: Ø³Ø§Ù…â€ŒØªÙ„[0m
[LOG]: [32mok sam tel[0m
[LOG]: 8681900
[LOG]: Generated Number:
[LOG]: [32mTitle is correct![0m
[LOG]: [32mText found: Ø³Ø§Ù…â€ŒØªÙ„[0m
[ERROR]: Error occurred:
[ERROR]: [31mError occurred:[0m
[ERROR]: [31mError occurred:[0m
[LOG]: [32mTitle is correct![0m
[LOG]: [32mText found: Ø³Ø§Ù…â€ŒØªÙ„[0m
[LOG]: [32mok sam tel[0m
[LOG]: [32mok sam tel[0m
[LOG]: 2035700
[LOG]: Generated Number:
[LOG]: 2035700
[LOG]: Generated Number:
[LOG]: [32mTitle is correct![0m
[LOG]: [32mTitle is correct![0m
[LOG]: [32mText found: Ø³Ø§Ù…â€ŒØªÙ„[0m
[LOG]: [32mText found: Ø³Ø§Ù…â€ŒØªÙ„[0m
[ERROR]: Error occurred:
[LOG]: Generated Random Number (Mobile):
[LOG]: Generated Random Number (Mobile):
[LOG]: Generated National ID:
[LOG]: Generated National ID:
[LOG]: Generated National ID:
[LOG]: [32mForm submitted successfully![0m
[LOG]: [32mForm submitted successfully![0m
[LOG]: [32mForm submitted successfully![0m
[ERROR]: [31mError occurred:[0m
[LOG]: [32mok sam tel[0m
[LOG]: 3243884
[LOG]: Generated Number:
[LOG]: [32mTitle is correct![0m
[LOG]: [32mText found: Ø³Ø§Ù…â€ŒØªÙ„[0m
[LOG]: [32mTitle is correct![0m
[LOG]: [32mText found: Ø³Ø§Ù…â€ŒØªÙ„[0m
[ERROR]: Error occurred:
[ERROR]: [31mError occurred:[0m
[ERROR]: [31mError occurred:[0m
[LOG]: [32mTitle is correct![0m
[LOG]: [32mText found: Ø³Ø§Ù…â€ŒØªÙ„[0m
[LOG]: [32mTitle is correct![0m
[LOG]: [32mText found: Ø³Ø§Ù…â€ŒØªÙ„[0m
[ERROR]: [31mError occurred:[0m
[LOG]: [32mok sam tel[0m
[LOG]: [32mok sam tel[0m
[LOG]: 1317330
[LOG]: Generated Number:
[LOG]: 1317330
[LOG]: Generated Number:
[LOG]: Generated Random Number (Mobile):
[LOG]: Generated Random Number (Mobile):
[LOG]: Generated National ID:
[LOG]: Generated National ID:
[LOG]: Generated National ID:
[ERROR]: [31mError occurred:[0m
[ERROR]: Error occurred:
[LOG]: [32mTitle is correct![0m
[LOG]: [32mok sam tel[0m
[LOG]: 4666548
[LOG]: Generated Number:
[LOG]: [32mText found: Ø³Ø§Ù…â€ŒØªÙ„[0m
[LOG]: [32mTitle is correct![0m
[LOG]: [32mText found: Ø³Ø§Ù…â€ŒØªÙ„[0m
[ERROR]: [31mError occurred:[0m
[ERROR]: Error occurred:
[ERROR]: [31mError occurred:[0m
[LOG]: [32mTitle is correct![0m
[LOG]: [32mText found: Ø³Ø§Ù…â€ŒØªÙ„[0m
[LOG]: [32mok sam tel[0m
[LOG]: 8011624
[LOG]: Generated Number:
[LOG]: [32mTitle is correct![0m
[LOG]: [32mText found: Ø³Ø§Ù…â€ŒØªÙ„[0m
[ERROR]: [31mError occurred:[0m
[ERROR]: [31mError occurred:[0m
[ERROR]: Error occurred:
[LOG]: [32mTitle is correct![0m
[LOG]: [32mText found: Ø³Ø§Ù…â€ŒØªÙ„[0m
[ERROR]: [31mError occurred:[0m
[LOG]: [32mok sam tel[0m
[LOG]: [32mok sam tel[0m
[LOG]: 1581864
[LOG]: Generated Number:
[LOG]: 1581864
[LOG]: Generated Number:
[LOG]: [32mTitle is correct![0m
[LOG]: [32mTitle is correct![0m
[LOG]: [32mText found: Ø³Ø§Ù…â€ŒØªÙ„[0m
[LOG]: [32mText found: Ø³Ø§Ù…â€ŒØªÙ„[0m
[LOG]: Generated Random Number (Mobile):
[LOG]: Generated Random Number (Mobile):
[LOG]: Generated National ID:
[LOG]: Generated National ID:
[LOG]: Generated National ID:
[LOG]: [32mForm submitted successfully![0m
[LOG]: [32mForm submitted successfully![0m
[LOG]: [32mForm submitted successfully![0m
[ERROR]: Error occurred:
[LOG]: [32mTitle is correct![0m
[LOG]: [32mText found: Ø³Ø§Ù…â€ŒØªÙ„[0m
[ERROR]: [31mError occurred:[0m
[LOG]: [32mTitle is correct![0m
[LOG]: [32mTitle is correct![0m
[LOG]: [32mText found: Ø³Ø§Ù…â€ŒØªÙ„[0m
[LOG]: [32mText found: Ø³Ø§Ù…â€ŒØªÙ„[0m
[LOG]: [32mok sam tel[0m
[LOG]: [32mok sam tel[0m
[LOG]: 0983274
[LOG]: Generated Number:
[LOG]: 0983274
[LOG]: Generated Number:
[LOG]: Generated Random Number (Mobile):
[LOG]: Generated Random Number (Mobile):
[LOG]: Generated National ID:
[LOG]: Generated National ID:
[LOG]: Generated National ID:
[LOG]: [32mForm submitted successfully![0m
[LOG]: [32mForm submitted successfully![0m
[LOG]: [32mForm submitted successfully![0m
[ERROR]: Error occurred:
[LOG]: [32mTitle is correct![0m
[LOG]: [32mText found: Ø³Ø§Ù…â€ŒØªÙ„[0m
[LOG]: [32mok sam tel[0m
[LOG]: 7490717
[LOG]: Generated Number:
[LOG]: [32mTitle is correct![0m
[LOG]: [32mText found: Ø³Ø§Ù…â€ŒØªÙ„[0m
[ERROR]: [31mError occurred:[0m
[LOG]: Generated Random Number (Mobile):
[LOG]: Generated Random Number (Mobile):
[LOG]: Generated National ID:
[LOG]: Generated National ID:
[LOG]: Generated National ID:
[ERROR]: Error occurred:
[ERROR]: [31mError occurred:[0m
[LOG]: [32mTitle is correct![0m
[LOG]: [32mTitle is correct![0m
[LOG]: [32mok sam tel[0m
[LOG]: 5978432
[LOG]: Generated Number:
[LOG]: [32mText found: Ø³Ø§Ù…â€ŒØªÙ„[0m
[LOG]: [32mText found: Ø³Ø§Ù…â€ŒØªÙ„[0m
[LOG]: [32mText found: Ø³Ø§Ù…â€ŒØªÙ„[0m
[ERROR]: [31mError occurred:[0m
[LOG]: Generated Random Number (Mobile):
[LOG]: Generated Random Number (Mobile):
[LOG]: Generated National ID:
[LOG]: Generated National ID:
[LOG]: Generated National ID:
[ERROR]: Error occurred:
[LOG]: [32mForm submitted successfully![0m
[LOG]: [32mForm submitted successfully![0m
[LOG]: [32mForm submitted successfully![0m
[LOG]: [32mok sam tel[0m
[LOG]: 5507066
[LOG]: Generated Number:
[LOG]: [32mTitle is correct![0m
[LOG]: [32mText found: Ø³Ø§Ù…â€ŒØªÙ„[0m
[ERROR]: [31mError occurred:[0m
[LOG]: [32mTitle is correct![0m
[LOG]: [32mTitle is correct![0m
[LOG]: [32mText found: Ø³Ø§Ù…â€ŒØªÙ„[0m
[LOG]: [32mText found: Ø³Ø§Ù…â€ŒØªÙ„[0m
[LOG]: Generated Random Number (Mobile):
[LOG]: Generated Random Number (Mobile):
[LOG]: Generated National ID:
[LOG]: Generated National ID:
[LOG]: Generated National ID:
[LOG]: [32mForm submitted successfully![0m
[LOG]: [32mForm submitted successfully![0m
[LOG]: [32mForm submitted successfully![0m
[ERROR]: Error occurred:
[LOG]: [32mok sam tel[0m
[LOG]: 9892051
[LOG]: Generated Number:
[ERROR]: [ERROR] 2024-12-31T13:17:20.805Z: NoSuchElementError: no such element: Unable to locate element: {"method":"xpath","selector":"//a[contains(text(),'Ø§Ù¾Ø±Ø§ØªÙˆØ±')]"}
  (Session info: chrome=131.0.6778.205)
    at Object.throwDecodedError (C:\Users\m.baharlu\node_modules\selenium-webdriver\lib\error.js:521:15)
    at parseHttpResponse (C:\Users\m.baharlu\node_modules\selenium-webdriver\lib\http.js:514:13)
    at Executor.execute (C:\Users\m.baharlu\node_modules\selenium-webdriver\lib\http.js:446:28)
    at process.processTicksAndRejections (node:internal/process/task_queues:105:5)
    at async Driver.execute (C:\Users\m.baharlu\node_modules\selenium-webdriver\lib\webdriver.js:744:17)
    at async toWireValue (C:\Users\m.baharlu\node_modules\selenium-webdriver\lib\webdriver.js:148:15)
    at async C:\Users\m.baharlu\node_modules\selenium-webdriver\lib\webdriver.js:194:16
    at async forEachKey (C:\Users\m.baharlu\node_modules\selenium-webdriver\lib\webdriver.js:188:9)
    at async convertKeys (C:\Users\m.baharlu\node_modules\selenium-webdriver\lib\webdriver.js:193:3)
    at async Driver.execute (C:\Users\m.baharlu\node_modules\selenium-webdriver\lib\webdriver.js:742:22)
[LOG]: [32mTitle is correct![0m
[LOG]: [32mText found: Ø³Ø§Ù…â€ŒØªÙ„[0m
[ERROR]: [31mError occurred:[0m
[LOG]: [32mTitle is correct![0m
[LOG]: [32mTitle is correct![0m
[LOG]: [32mText found: Ø³Ø§Ù…â€ŒØªÙ„[0m
[LOG]: [32mText found: Ø³Ø§Ù…â€ŒØªÙ„[0m
[LOG]: Generated Random Number (Mobile):
[LOG]: Generated Random Number (Mobile):
[LOG]: Generated National ID:
[LOG]: Generated National ID:
[LOG]: Generated National ID:
[LOG]: [32mForm submitted successfully![0m
[LOG]: [32mForm submitted successfully![0m
[LOG]: [32mForm submitted successfully![0m
[LOG]: [32mok sam tel[0m
[LOG]: 3356567
[LOG]: Generated Number:
[ERROR]: [ERROR] 2024-12-31T13:18:52.718Z: NoSuchElementError: no such element: Unable to locate element: {"method":"xpath","selector":"//a[contains(text(),'Ø§Ù¾Ø±Ø§ØªÙˆØ±')]"}
  (Session info: chrome=131.0.6778.205)
    at Object.throwDecodedError (C:\Users\m.baharlu\node_modules\selenium-webdriver\lib\error.js:521:15)
    at parseHttpResponse (C:\Users\m.baharlu\node_modules\selenium-webdriver\lib\http.js:514:13)
    at Executor.execute (C:\Users\m.baharlu\node_modules\selenium-webdriver\lib\http.js:446:28)
    at process.processTicksAndRejections (node:internal/process/task_queues:105:5)
    at async Driver.execute (C:\Users\m.baharlu\node_modules\selenium-webdriver\lib\webdriver.js:744:17)
    at async toWireValue (C:\Users\m.baharlu\node_modules\selenium-webdriver\lib\webdriver.js:148:15)
    at async C:\Users\m.baharlu\node_modules\selenium-webdriver\lib\webdriver.js:194:16
    at async forEachKey (C:\Users\m.baharlu\node_modules\selenium-webdriver\lib\webdriver.js:188:9)
    at async convertKeys (C:\Users\m.baharlu\node_modules\selenium-webdriver\lib\webdriver.js:193:3)
    at async Driver.execute (C:\Users\m.baharlu\node_modules\selenium-webdriver\lib\webdriver.js:742:22)
[LOG]: [32mTitle is correct![0m
[LOG]: [32mText found: Ø³Ø§Ù…â€ŒØªÙ„[0m
[ERROR]: [31mError occurred:[0m
[LOG]: [32mTitle is correct![0m
[LOG]: [32mTitle is correct![0m
[LOG]: [32mText found: Ø³Ø§Ù…â€ŒØªÙ„[0m
[LOG]: [32mText found: Ø³Ø§Ù…â€ŒØªÙ„[0m
[LOG]: Generated Random Number (Mobile):
[LOG]: Generated Random Number (Mobile):
[LOG]: Generated National ID:
[LOG]: Generated National ID:
[LOG]: Generated National ID:
[LOG]: [32mForm submitted successfully![0m
[LOG]: [32mForm submitted successfully![0m
[LOG]: [32mForm submitted successfully![0m
[LOG]: [32mok sam tel[0m
[LOG]: 1127090
[LOG]: Generated Number:
[ERROR]: [ERROR] 2024-12-31T13:20:18.170Z: NoSuchElementError: no such element: Unable to locate element: {"method":"xpath","selector":"//a[contains(text(),'Ø§Ù¾Ø±Ø§ØªÙˆØ±')]"}
  (Session info: chrome=131.0.6778.205)
    at Object.throwDecodedError (C:\Users\m.baharlu\node_modules\selenium-webdriver\lib\error.js:521:15)
    at parseHttpResponse (C:\Users\m.baharlu\node_modules\selenium-webdriver\lib\http.js:514:13)
    at Executor.execute (C:\Users\m.baharlu\node_modules\selenium-webdriver\lib\http.js:446:28)
    at process.processTicksAndRejections (node:internal/process/task_queues:105:5)
    at async Driver.execute (C:\Users\m.baharlu\node_modules\selenium-webdriver\lib\webdriver.js:744:17)
    at async toWireValue (C:\Users\m.baharlu\node_modules\selenium-webdriver\lib\webdriver.js:148:15)
    at async C:\Users\m.baharlu\node_modules\selenium-webdriver\lib\webdriver.js:194:16
    at async forEachKey (C:\Users\m.baharlu\node_modules\selenium-webdriver\lib\webdriver.js:188:9)
    at async convertKeys (C:\Users\m.baharlu\node_modules\selenium-webdriver\lib\webdriver.js:193:3)
    at async Driver.execute (C:\Users\m.baharlu\node_modules\selenium-webdriver\lib\webdriver.js:742:22)
[LOG]: [32mTitle is correct![0m
[LOG]: [32mText found: Ø³Ø§Ù…â€ŒØªÙ„[0m
[ERROR]: [31mError occurred:[0m
[LOG]: [32mTitle is correct![0m
[LOG]: [32mTitle is correct![0m
[LOG]: [32mText found: Ø³Ø§Ù…â€ŒØªÙ„[0m
[LOG]: [32mText found: Ø³Ø§Ù…â€ŒØªÙ„[0m
[LOG]: Generated Random Number (Mobile):
[LOG]: Generated Random Number (Mobile):
[LOG]: Generated National ID:
[LOG]: Generated National ID:
[LOG]: Generated National ID:
[ERROR]: [31mError occurred:[0m
[LOG]: [32mok sam tel[0m
[LOG]: 3725446
[LOG]: Generated Number:
[ERROR]: [ERROR] 2024-12-31T13:23:06.685Z: NoSuchElementError: no such element: Unable to locate element: {"method":"xpath","selector":"//a[contains(text(),'Ø§Ù¾Ø±Ø§ØªÙˆØ±')]"}
  (Session info: chrome=131.0.6778.205)
    at Object.throwDecodedError (C:\Users\m.baharlu\node_modules\selenium-webdriver\lib\error.js:521:15)
    at parseHttpResponse (C:\Users\m.baharlu\node_modules\selenium-webdriver\lib\http.js:514:13)
    at Executor.execute (C:\Users\m.baharlu\node_modules\selenium-webdriver\lib\http.js:446:28)
    at process.processTicksAndRejections (node:internal/process/task_queues:105:5)
    at async Driver.execute (C:\Users\m.baharlu\node_modules\selenium-webdriver\lib\webdriver.js:744:17)
    at async toWireValue (C:\Users\m.baharlu\node_modules\selenium-webdriver\lib\webdriver.js:148:15)
    at async C:\Users\m.baharlu\node_modules\selenium-webdriver\lib\webdriver.js:194:16
    at async forEachKey (C:\Users\m.baharlu\node_modules\selenium-webdriver\lib\webdriver.js:188:9)
    at async convertKeys (C:\Users\m.baharlu\node_modules\selenium-webdriver\lib\webdriver.js:193:3)
    at async Driver.execute (C:\Users\m.baharlu\node_modules\selenium-webdriver\lib\webdriver.js:742:22)
[LOG]: [32mTitle is correct![0m
[LOG]: [32mText found: Ø³Ø§Ù…â€ŒØªÙ„[0m
[ERROR]: [31mError occurred:[0m
[LOG]: [32mTitle is correct![0m
[LOG]: [32mTitle is correct![0m
[LOG]: [32mText found: Ø³Ø§Ù…â€ŒØªÙ„[0m
[LOG]: [32mText found: Ø³Ø§Ù…â€ŒØªÙ„[0m
[LOG]: Generated Random Number (Mobile):
[LOG]: Generated Random Number (Mobile):
[LOG]: Generated National ID:
[LOG]: Generated National ID:
[LOG]: Generated National ID:
[LOG]: [32mForm submitted successfully![0m
[LOG]: [32mForm submitted successfully![0m
[LOG]: [32mForm submitted successfully![0m
[LOG]: [32mok sam tel[0m
[LOG]: 1365808
[LOG]: Generated Number:
[ERROR]: [ERROR] 2025-01-04T09:04:49.720Z: NoSuchElementError: no such element: Unable to locate element: {"method":"xpath","selector":"//a[contains(text(),'Ø§Ù¾Ø±Ø§ØªÙˆØ±')]"}
  (Session info: chrome=131.0.6778.205)
    at Object.throwDecodedError (C:\Users\m.baharlu\node_modules\selenium-webdriver\lib\error.js:521:15)
    at parseHttpResponse (C:\Users\m.baharlu\node_modules\selenium-webdriver\lib\http.js:514:13)
    at Executor.execute (C:\Users\m.baharlu\node_modules\selenium-webdriver\lib\http.js:446:28)
    at process.processTicksAndRejections (node:internal/process/task_queues:105:5)
    at async Driver.execute (C:\Users\m.baharlu\node_modules\selenium-webdriver\lib\webdriver.js:744:17)
    at async toWireValue (C:\Users\m.baharlu\node_modules\selenium-webdriver\lib\webdriver.js:148:15)
    at async C:\Users\m.baharlu\node_modules\selenium-webdriver\lib\webdriver.js:194:16
    at async forEachKey (C:\Users\m.baharlu\node_modules\selenium-webdriver\lib\webdriver.js:188:9)
    at async convertKeys (C:\Users\m.baharlu\node_modules\selenium-webdriver\lib\webdriver.js:193:3)
    at async Driver.execute (C:\Users\m.baharlu\node_modules\selenium-webdriver\lib\webdriver.js:742:22)
[LOG]: [32mTitle is correct![0m
[LOG]: [32mText found: Ø³Ø§Ù…â€ŒØªÙ„[0m
[ERROR]: [31mError occurred:[0m
[LOG]: [32mTitle is correct![0m
[LOG]: [32mTitle is correct![0m
[LOG]: [32mText found: Ø³Ø§Ù…â€ŒØªÙ„[0m
[LOG]: [32mText found: Ø³Ø§Ù…â€ŒØªÙ„[0m
[ERROR]: [31mError occurred:[0m
[LOG]: [32mok sam tel[0m
[LOG]: 3188448
[LOG]: Generated Number:
[ERROR]: [ERROR] 2025-01-04T13:54:22.605Z: NoSuchWindowError: no such window: target window already closed
from unknown error: web view not found
  (Session info: chrome=131.0.6778.205)
    at Object.throwDecodedError (C:\Users\m.baharlu\node_modules\selenium-webdriver\lib\error.js:521:15)
    at parseHttpResponse (C:\Users\m.baharlu\node_modules\selenium-webdriver\lib\http.js:514:13)
    at Executor.execute (C:\Users\m.baharlu\node_modules\selenium-webdriver\lib\http.js:446:28)
    at process.processTicksAndRejections (node:internal/process/task_queues:105:5)
    at async Driver.execute (C:\Users\m.baharlu\node_modules\selenium-webdriver\lib\webdriver.js:744:17)
    at async operatorcreate (C:\Users\m.baharlu\source\repos\NodeConsoleApp2\NodeConsoleApp2\app.js:73:9)
    at async run (C:\Users\m.baharlu\source\repos\NodeConsoleApp2\NodeConsoleApp2\app.js:92:5)
[LOG]: [32mTitle is correct![0m
[LOG]: [32mText found: Ø³Ø§Ù…â€ŒØªÙ„[0m
[ERROR]: [31mError occurred:[0m
[LOG]: [32mTitle is correct![0m
[LOG]: [32mTitle is correct![0m
[LOG]: [32mText found: Ø³Ø§Ù…â€ŒØªÙ„[0m
[LOG]: [32mText found: Ø³Ø§Ù…â€ŒØªÙ„[0m
[LOG]: Generated Random Number (Mobile):
[LOG]: Generated Random Number (Mobile):
[LOG]: Generated National ID:
[LOG]: Generated National ID:
[LOG]: Generated National ID:
[ERROR]: [31mError occurred:[0m
[LOG]: [32mok sam tel[0m
[LOG]: 6277206
[LOG]: Generated Number:
[ERROR]: [ERROR] 2025-01-05T09:36:41.248Z: NoSuchElementError: no such element: Unable to locate element: {"method":"xpath","selector":"//a[contains(text(),'Ù…Ø¯ÛŒØ±ÛŒØª ØªÙˆÙ„ÛŒØ¯')]"}
  (Session info: chrome=131.0.6778.205)
    at Object.throwDecodedError (C:\Users\m.baharlu\node_modules\selenium-webdriver\lib\error.js:521:15)
    at parseHttpResponse (C:\Users\m.baharlu\node_modules\selenium-webdriver\lib\http.js:514:13)
    at Executor.execute (C:\Users\m.baharlu\node_modules\selenium-webdriver\lib\http.js:446:28)
    at process.processTicksAndRejections (node:internal/process/task_queues:105:5)
    at async Driver.execute (C:\Users\m.baharlu\node_modules\selenium-webdriver\lib\webdriver.js:744:17)
    at async toWireValue (C:\Users\m.baharlu\node_modules\selenium-webdriver\lib\webdriver.js:148:15)
    at async C:\Users\m.baharlu\node_modules\selenium-webdriver\lib\webdriver.js:194:16
    at async forEachKey (C:\Users\m.baharlu\node_modules\selenium-webdriver\lib\webdriver.js:188:9)
    at async convertKeys (C:\Users\m.baharlu\node_modules\selenium-webdriver\lib\webdriver.js:193:3)
    at async Driver.execute (C:\Users\m.baharlu\node_modules\selenium-webdriver\lib\webdriver.js:742:22)
[LOG]: [32mTitle is correct![0m
[LOG]: [32mText found: Ø³Ø§Ù…â€ŒØªÙ„[0m
[ERROR]: [31mError occurred:[0m
[LOG]: [32mTitle is correct![0m
[LOG]: [32mTitle is correct![0m
[LOG]: [32mText found: Ø³Ø§Ù…â€ŒØªÙ„[0m
[LOG]: [32mText found: Ø³Ø§Ù…â€ŒØªÙ„[0m
[LOG]: Generated Random Number (Mobile):
[LOG]: Generated Random Number (Mobile):
[LOG]: Generated National ID:
[LOG]: Generated National ID:
[LOG]: Generated National ID:
[LOG]: [32mForm submitted successfully![0m
[LOG]: [32mForm submitted successfully![0m
[LOG]: [32mForm submitted successfully![0m
[LOG]: [32mok sam tel[0m
[LOG]: 7560935
[LOG]: Generated Number:
[ERROR]: [ERROR] 2025-01-05T09:39:08.852Z: NoSuchElementError: no such element: Unable to locate element: {"method":"xpath","selector":"//a[contains(text(),'Ù…Ø¯ÛŒØ±ÛŒØª ØªÙˆÙ„ÛŒØ¯')]"}
  (Session info: chrome=131.0.6778.205)
    at Object.throwDecodedError (C:\Users\m.baharlu\node_modules\selenium-webdriver\lib\error.js:521:15)
    at parseHttpResponse (C:\Users\m.baharlu\node_modules\selenium-webdriver\lib\http.js:514:13)
    at Executor.execute (C:\Users\m.baharlu\node_modules\selenium-webdriver\lib\http.js:446:28)
    at process.processTicksAndRejections (node:internal/process/task_queues:105:5)
    at async Driver.execute (C:\Users\m.baharlu\node_modules\selenium-webdriver\lib\webdriver.js:744:17)
    at async toWireValue (C:\Users\m.baharlu\node_modules\selenium-webdriver\lib\webdriver.js:148:15)
    at async C:\Users\m.baharlu\node_modules\selenium-webdriver\lib\webdriver.js:194:16
    at async forEachKey (C:\Users\m.baharlu\node_modules\selenium-webdriver\lib\webdriver.js:188:9)
    at async convertKeys (C:\Users\m.baharlu\node_modules\selenium-webdriver\lib\webdriver.js:193:3)
    at async Driver.execute (C:\Users\m.baharlu\node_modules\selenium-webdriver\lib\webdriver.js:742:22)
[ERROR]: [31mError occurred:[0m
[ERROR]: [31mError occurred:[0m
[LOG]: [32mok sam tel[0m
[LOG]: 4056545
[LOG]: Generated Number:
[ERROR]: [ERROR] 2025-01-05T09:44:58.265Z: NoSuchWindowError: no such window: target window already closed
from unknown error: web view not found
  (Session info: chrome=131.0.6778.205)
    at Object.throwDecodedError (C:\Users\m.baharlu\node_modules\selenium-webdriver\lib\error.js:521:15)
    at parseHttpResponse (C:\Users\m.baharlu\node_modules\selenium-webdriver\lib\http.js:514:13)
    at Executor.execute (C:\Users\m.baharlu\node_modules\selenium-webdriver\lib\http.js:446:28)
    at process.processTicksAndRejections (node:internal/process/task_queues:105:5)
    at async Driver.execute (C:\Users\m.baharlu\node_modules\selenium-webdriver\lib\webdriver.js:744:17)
    at async operatorcreate (C:\Users\m.baharlu\source\repos\NodeConsoleApp2\NodeConsoleApp2\app.js:73:9)
    at async run (C:\Users\m.baharlu\source\repos\NodeConsoleApp2\NodeConsoleApp2\app.js:92:5)
[LOG]: [32mTitle is correct![0m
[LOG]: [32mText found: Ø³Ø§Ù…â€ŒØªÙ„[0m
[ERROR]: [31mError occurred:[0m
[LOG]: [32mTitle is correct![0m
[LOG]: [32mTitle is correct![0m
[LOG]: [32mText found: Ø³Ø§Ù…â€ŒØªÙ„[0m
[LOG]: [32mText found: Ø³Ø§Ù…â€ŒØªÙ„[0m
[LOG]: Generated Random Number (Mobile):
[LOG]: Generated Random Number (Mobile):
[LOG]: Generated National ID:
[LOG]: Generated National ID:
[LOG]: Generated National ID:
[LOG]: [32mForm submitted successfully![0m
[LOG]: [32mForm submitted successfully![0m
[LOG]: [32mForm submitted successfully![0m
[LOG]: [32mok sam tel[0m
[LOG]: 1781424
[LOG]: Generated Number:
[ERROR]: [ERROR] 2025-01-05T09:47:09.737Z: NoSuchWindowError: no such window: target window already closed
from unknown error: web view not found
  (Session info: chrome=131.0.6778.205)
    at Object.throwDecodedError (C:\Users\m.baharlu\node_modules\selenium-webdriver\lib\error.js:521:15)
    at parseHttpResponse (C:\Users\m.baharlu\node_modules\selenium-webdriver\lib\http.js:514:13)
    at Executor.execute (C:\Users\m.baharlu\node_modules\selenium-webdriver\lib\http.js:446:28)
    at process.processTicksAndRejections (node:internal/process/task_queues:105:5)
    at async Driver.execute (C:\Users\m.baharlu\node_modules\selenium-webdriver\lib\webdriver.js:744:17)
    at async operatorcreate (C:\Users\m.baharlu\source\repos\NodeConsoleApp2\NodeConsoleApp2\app.js:74:9)
    at async run (C:\Users\m.baharlu\source\repos\NodeConsoleApp2\NodeConsoleApp2\app.js:93:5)
[LOG]: [32mTitle is correct![0m
[LOG]: [32mText found: Ø³Ø§Ù…â€ŒØªÙ„[0m
[ERROR]: [31mError occurred:[0m
[LOG]: [32mTitle is correct![0m
[LOG]: [32mTitle is correct![0m
[LOG]: [32mText found: Ø³Ø§Ù…â€ŒØªÙ„[0m
[LOG]: [32mText found: Ø³Ø§Ù…â€ŒØªÙ„[0m
[ERROR]: [31mError occurred:[0m
[LOG]: [32mok sam tel[0m
[LOG]: 7168131
[LOG]: Generated Number:
[ERROR]: [ERROR] 2025-01-05T09:48:15.648Z: NoSuchWindowError: no such window: target window already closed
from unknown error: web view not found
  (Session info: chrome=131.0.6778.205)
    at Object.throwDecodedError (C:\Users\m.baharlu\node_modules\selenium-webdriver\lib\error.js:521:15)
    at parseHttpResponse (C:\Users\m.baharlu\node_modules\selenium-webdriver\lib\http.js:514:13)
    at Executor.execute (C:\Users\m.baharlu\node_modules\selenium-webdriver\lib\http.js:446:28)
    at process.processTicksAndRejections (node:internal/process/task_queues:105:5)
    at async Driver.execute (C:\Users\m.baharlu\node_modules\selenium-webdriver\lib\webdriver.js:744:17)
    at async operatorcreate (C:\Users\m.baharlu\source\repos\NodeConsoleApp2\NodeConsoleApp2\app.js:74:9)
    at async run (C:\Users\m.baharlu\source\repos\NodeConsoleApp2\NodeConsoleApp2\app.js:93:5)
[LOG]: [32mTitle is correct![0m
[LOG]: [32mText found: Ø³Ø§Ù…â€ŒØªÙ„[0m
[ERROR]: [31mError occurred:[0m
[LOG]: [32mTitle is correct![0m
[LOG]: [32mTitle is correct![0m
[LOG]: [32mText found: Ø³Ø§Ù…â€ŒØªÙ„[0m
[LOG]: [32mText found: Ø³Ø§Ù…â€ŒØªÙ„[0m
[ERROR]: [31mError occurred:[0m
[ERROR]: [ERROR] 2025-01-05T09:49:16.937Z: NoSuchWindowError: no such window: target window already closed
from unknown error: web view not found
  (Session info: chrome=131.0.6778.205)
    at Object.throwDecodedError (C:\Users\m.baharlu\node_modules\selenium-webdriver\lib\error.js:521:15)
    at parseHttpResponse (C:\Users\m.baharlu\node_modules\selenium-webdriver\lib\http.js:514:13)
    at Executor.execute (C:\Users\m.baharlu\node_modules\selenium-webdriver\lib\http.js:446:28)
    at process.processTicksAndRejections (node:internal/process/task_queues:105:5)
    at async Driver.execute (C:\Users\m.baharlu\node_modules\selenium-webdriver\lib\webdriver.js:744:17)
    at async operatorcreate (C:\Users\m.baharlu\source\repos\NodeConsoleApp2\NodeConsoleApp2\app.js:35:9)
    at async run (C:\Users\m.baharlu\source\repos\NodeConsoleApp2\NodeConsoleApp2\app.js:93:5)
[ERROR]: [31mError occurred:[0m
[ERROR]: [31mError occurred:[0m
[LOG]: [32mok sam tel[0m
[LOG]: 2443236
[LOG]: Generated Number:
[ERROR]: [ERROR] 2025-01-05T09:50:16.689Z: NoSuchWindowError: no such window: target window already closed
from unknown error: web view not found
  (Session info: chrome=131.0.6778.205)
    at Object.throwDecodedError (C:\Users\m.baharlu\node_modules\selenium-webdriver\lib\error.js:521:15)
    at parseHttpResponse (C:\Users\m.baharlu\node_modules\selenium-webdriver\lib\http.js:514:13)
    at Executor.execute (C:\Users\m.baharlu\node_modules\selenium-webdriver\lib\http.js:446:28)
    at process.processTicksAndRejections (node:internal/process/task_queues:105:5)
    at async Driver.execute (C:\Users\m.baharlu\node_modules\selenium-webdriver\lib\webdriver.js:744:17)
    at async operatorcreate (C:\Users\m.baharlu\source\repos\NodeConsoleApp2\NodeConsoleApp2\app.js:74:9)
    at async run (C:\Users\m.baharlu\source\repos\NodeConsoleApp2\NodeConsoleApp2\app.js:93:5)
[ERROR]: [31mError occurred:[0m
[ERROR]: [31mError occurred:[0m
[ERROR]: [ERROR] 2025-01-05T09:52:52.421Z: NoSuchWindowError: no such window: target window already closed
from unknown error: web view not found
  (Session info: chrome=131.0.6778.205)
    at Object.throwDecodedError (C:\Users\m.baharlu\node_modules\selenium-webdriver\lib\error.js:521:15)
    at parseHttpResponse (C:\Users\m.baharlu\node_modules\selenium-webdriver\lib\http.js:514:13)
    at Executor.execute (C:\Users\m.baharlu\node_modules\selenium-webdriver\lib\http.js:446:28)
    at process.processTicksAndRejections (node:internal/process/task_queues:105:5)
    at async Driver.execute (C:\Users\m.baharlu\node_modules\selenium-webdriver\lib\webdriver.js:744:17)
    at async toWireValue (C:\Users\m.baharlu\node_modules\selenium-webdriver\lib\webdriver.js:148:15)
    at async C:\Users\m.baharlu\node_modules\selenium-webdriver\lib\webdriver.js:194:16
    at async forEachKey (C:\Users\m.baharlu\node_modules\selenium-webdriver\lib\webdriver.js:188:9)
    at async convertKeys (C:\Users\m.baharlu\node_modules\selenium-webdriver\lib\webdriver.js:193:3)
    at async Driver.execute (C:\Users\m.baharlu\node_modules\selenium-webdriver\lib\webdriver.js:742:22)
[ERROR]: [31mError occurred:[0m
[LOG]: [32mLogin successful![0m
[LOG]: [32mok sam tel[0m
[LOG]: 9895617
[LOG]: Generated Number:
[ERROR]: [31mError occurred:[0m
[ERROR]: [ERROR] 2025-01-05T09:53:27.318Z: NoSuchWindowError: no such window: target window already closed
from unknown error: web view not found
  (Session info: chrome=131.0.6778.205)
    at Object.throwDecodedError (C:\Users\m.baharlu\node_modules\selenium-webdriver\lib\error.js:521:15)
    at parseHttpResponse (C:\Users\m.baharlu\node_modules\selenium-webdriver\lib\http.js:514:13)
    at Executor.execute (C:\Users\m.baharlu\node_modules\selenium-webdriver\lib\http.js:446:28)
    at process.processTicksAndRejections (node:internal/process/task_queues:105:5)
    at async Driver.execute (C:\Users\m.baharlu\node_modules\selenium-webdriver\lib\webdriver.js:744:17)
    at async operatorcreate (C:\Users\m.baharlu\source\repos\NodeConsoleApp2\NodeConsoleApp2\app.js:74:9)
    at async run (C:\Users\m.baharlu\source\repos\NodeConsoleApp2\NodeConsoleApp2\app.js:93:5)
[LOG]: [32mTitle is correct![0m
[LOG]: [32mText found: Ø³Ø§Ù…â€ŒØªÙ„[0m
[ERROR]: [31mError occurred:[0m
[LOG]: [32mTitle is correct![0m
[LOG]: [32mTitle is correct![0m
[LOG]: [32mText found: Ø³Ø§Ù…â€ŒØªÙ„[0m
[LOG]: [32mText found: Ø³Ø§Ù…â€ŒØªÙ„[0m
[LOG]: Generated Random Number (Mobile):
[LOG]: Generated Random Number (Mobile):
[LOG]: Generated National ID:
[LOG]: Generated National ID:
[LOG]: Generated National ID:
[LOG]: [32mForm submitted successfully![0m
[LOG]: [32mForm submitted successfully![0m
[LOG]: [32mForm submitted successfully![0m
[LOG]: [32mLogin successful![0m
[LOG]: [32mLogin successful![0m
[LOG]: [32mLogin successful![0m
[ERROR]: [31mError occurred:[0m
[LOG]: [32mLogin successful![0m
[LOG]: [32mok sam tel[0m
[LOG]: 7818455
[LOG]: Generated Number:
[ERROR]: [ERROR] 2025-01-06T10:08:22.365Z: WebDriverError: disconnected: unable to send message to renderer
  (failed to check if window was closed: disconnected: not connected to DevTools)
  (Session info: chrome=131.0.6778.205)
    at Object.throwDecodedError (C:\Users\m.baharlu\node_modules\selenium-webdriver\lib\error.js:521:15)
    at parseHttpResponse (C:\Users\m.baharlu\node_modules\selenium-webdriver\lib\http.js:514:13)
    at Executor.execute (C:\Users\m.baharlu\node_modules\selenium-webdriver\lib\http.js:446:28)
    at process.processTicksAndRejections (node:internal/process/task_queues:105:5)
    at async Driver.execute (C:\Users\m.baharlu\node_modules\selenium-webdriver\lib\webdriver.js:744:17)
    at async toWireValue (C:\Users\m.baharlu\node_modules\selenium-webdriver\lib\webdriver.js:148:15)
    at async C:\Users\m.baharlu\node_modules\selenium-webdriver\lib\webdriver.js:194:16
    at async forEachKey (C:\Users\m.baharlu\node_modules\selenium-webdriver\lib\webdriver.js:188:9)
    at async convertKeys (C:\Users\m.baharlu\node_modules\selenium-webdriver\lib\webdriver.js:193:3)
    at async Driver.execute (C:\Users\m.baharlu\node_modules\selenium-webdriver\lib\webdriver.js:742:22)
[ERROR]: [31mError occurred:[0m
[ERROR]: [31mError occurred:[0m
[LOG]: [32mLogin successful![0m
[LOG]: [32mok sam tel[0m
[LOG]: 0710540
[LOG]: Generated Number:
[ERROR]: [ERROR] 2025-01-06T10:08:46.841Z: NoSuchWindowError: no such window: target window already closed
from unknown error: web view not found
  (Session info: chrome=131.0.6778.205)
    at Object.throwDecodedError (C:\Users\m.baharlu\node_modules\selenium-webdriver\lib\error.js:521:15)
    at parseHttpResponse (C:\Users\m.baharlu\node_modules\selenium-webdriver\lib\http.js:514:13)
    at Executor.execute (C:\Users\m.baharlu\node_modules\selenium-webdriver\lib\http.js:446:28)
    at process.processTicksAndRejections (node:internal/process/task_queues:105:5)
    at async Driver.execute (C:\Users\m.baharlu\node_modules\selenium-webdriver\lib\webdriver.js:744:17)
    at async operatorcreate (C:\Users\m.baharlu\source\repos\NodeConsoleApp2\NodeConsoleApp2\app.js:74:9)
    at async run (C:\Users\m.baharlu\source\repos\NodeConsoleApp2\NodeConsoleApp2\app.js:93:5)
[ERROR]: [31mError occurred:[0m
[ERROR]: [31mError occurred:[0m
[ERROR]: [31mError occurred:[0m
[LOG]: [32mLogin successful![0m
[ERROR]: [31mError occurred:[0m
[LOG]: [32mok sam tel[0m
[LOG]: 9611626
[LOG]: Generated Number:
[LOG]: [32mLogin successful![0m
[ERROR]: [ERROR] 2025-01-06T10:09:59.535Z: NoSuchWindowError: no such window: target window already closed
from unknown error: web view not found
  (Session info: chrome=131.0.6778.205)
    at Object.throwDecodedError (C:\Users\m.baharlu\node_modules\selenium-webdriver\lib\error.js:521:15)
    at parseHttpResponse (C:\Users\m.baharlu\node_modules\selenium-webdriver\lib\http.js:514:13)
    at Executor.execute (C:\Users\m.baharlu\node_modules\selenium-webdriver\lib\http.js:446:28)
    at process.processTicksAndRejections (node:internal/process/task_queues:105:5)
    at async Driver.execute (C:\Users\m.baharlu\node_modules\selenium-webdriver\lib\webdriver.js:744:17)
    at async operatorcreate (C:\Users\m.baharlu\source\repos\NodeConsoleApp2\NodeConsoleApp2\app.js:74:9)
    at async run (C:\Users\m.baharlu\source\repos\NodeConsoleApp2\NodeConsoleApp2\app.js:93:5)
[ERROR]: [31mError occurred:[0m
[LOG]: [32mLogin successful![0m
[LOG]: [32mok sam tel[0m
[LOG]: 1656048
[LOG]: Generated Number:
[ERROR]: [ERROR] 2025-01-06T10:10:14.678Z: WebDriverError: disconnected: unable to send message to renderer
  (failed to check if window was closed: disconnected: not connected to DevTools)
  (Session info: chrome=131.0.6778.205)
    at Object.throwDecodedError (C:\Users\m.baharlu\node_modules\selenium-webdriver\lib\error.js:521:15)
    at parseHttpResponse (C:\Users\m.baharlu\node_modules\selenium-webdriver\lib\http.js:514:13)
    at Executor.execute (C:\Users\m.baharlu\node_modules\selenium-webdriver\lib\http.js:446:28)
    at process.processTicksAndRejections (node:internal/process/task_queues:105:5)
    at async Driver.execute (C:\Users\m.baharlu\node_modules\selenium-webdriver\lib\webdriver.js:744:17)
    at async toWireValue (C:\Users\m.baharlu\node_modules\selenium-webdriver\lib\webdriver.js:148:15)
    at async C:\Users\m.baharlu\node_modules\selenium-webdriver\lib\webdriver.js:194:16
    at async forEachKey (C:\Users\m.baharlu\node_modules\selenium-webdriver\lib\webdriver.js:188:9)
    at async convertKeys (C:\Users\m.baharlu\node_modules\selenium-webdriver\lib\webdriver.js:193:3)
    at async Driver.execute (C:\Users\m.baharlu\node_modules\selenium-webdriver\lib\webdriver.js:742:22)
[ERROR]: [31mError occurred:[0m
[ERROR]: [31mError occurred:[0m
[ERROR]: [31mError occurred:[0m
[LOG]: [32mLogin successful![0m
[ERROR]: [31mError occurred:[0m
[LOG]: [32mok sam tel[0m
[LOG]: 7628953
[LOG]: Generated Number:
[LOG]: [32mLogin successful![0m
[ERROR]: [31mError occurred:[0m
[ERROR]: [ERROR] 2025-01-06T10:11:34.937Z: NoSuchWindowError: no such window: target window already closed
from unknown error: web view not found
  (Session info: chrome=131.0.6778.205)
    at Object.throwDecodedError (C:\Users\m.baharlu\node_modules\selenium-webdriver\lib\error.js:521:15)
    at parseHttpResponse (C:\Users\m.baharlu\node_modules\selenium-webdriver\lib\http.js:514:13)
    at Executor.execute (C:\Users\m.baharlu\node_modules\selenium-webdriver\lib\http.js:446:28)
    at process.processTicksAndRejections (node:internal/process/task_queues:105:5)
    at async Driver.execute (C:\Users\m.baharlu\node_modules\selenium-webdriver\lib\webdriver.js:744:17)
    at async operatorcreate (C:\Users\m.baharlu\source\repos\NodeConsoleApp2\NodeConsoleApp2\app.js:74:9)
    at async run (C:\Users\m.baharlu\source\repos\NodeConsoleApp2\NodeConsoleApp2\app.js:93:5)
[ERROR]: [31mError occurred:[0m
[ERROR]: [31mError occurred:[0m
[LOG]: [32mLogin successful![0m
[ERROR]: [31mError occurred:[0m
[LOG]: [32mLogin successful![0m
[LOG]: [32mok sam tel[0m
[LOG]: 0389543
[LOG]: Generated Number:
[ERROR]: [31mError occurred:[0m
[ERROR]: [ERROR] 2025-01-06T10:28:06.502Z: NoSuchWindowError: no such window: target window already closed
from unknown error: web view not found
  (Session info: chrome=131.0.6778.205)
    at Object.throwDecodedError (C:\Users\m.baharlu\node_modules\selenium-webdriver\lib\error.js:521:15)
    at parseHttpResponse (C:\Users\m.baharlu\node_modules\selenium-webdriver\lib\http.js:514:13)
    at Executor.execute (C:\Users\m.baharlu\node_modules\selenium-webdriver\lib\http.js:446:28)
    at process.processTicksAndRejections (node:internal/process/task_queues:105:5)
    at async Driver.execute (C:\Users\m.baharlu\node_modules\selenium-webdriver\lib\webdriver.js:744:17)
    at async operatorcreate (C:\Users\m.baharlu\source\repos\NodeConsoleApp2\NodeConsoleApp2\app.js:74:9)
    at async run (C:\Users\m.baharlu\source\repos\NodeConsoleApp2\NodeConsoleApp2\app.js:93:5)
[ERROR]: [31mError occurred:[0m
[ERROR]: [31mError occurred:[0m
[ERROR]: [31mError occurred:[0m
[LOG]: [32mok sam tel[0m
[LOG]: 3470580
[LOG]: Generated Number:
[LOG]: [32mLogin successful![0m
[ERROR]: [31mError occurred:[0m
[ERROR]: [ERROR] 2025-01-06T10:30:15.481Z: WebDriverError: disconnected: unable to send message to renderer
  (failed to check if window was closed: disconnected: not connected to DevTools)
  (Session info: chrome=131.0.6778.205)
    at Object.throwDecodedError (C:\Users\m.baharlu\node_modules\selenium-webdriver\lib\error.js:521:15)
    at parseHttpResponse (C:\Users\m.baharlu\node_modules\selenium-webdriver\lib\http.js:514:13)
    at Executor.execute (C:\Users\m.baharlu\node_modules\selenium-webdriver\lib\http.js:446:28)
    at process.processTicksAndRejections (node:internal/process/task_queues:105:5)
    at async Driver.execute (C:\Users\m.baharlu\node_modules\selenium-webdriver\lib\webdriver.js:744:17)
    at async toWireValue (C:\Users\m.baharlu\node_modules\selenium-webdriver\lib\webdriver.js:148:15)
    at async C:\Users\m.baharlu\node_modules\selenium-webdriver\lib\webdriver.js:194:16
    at async forEachKey (C:\Users\m.baharlu\node_modules\selenium-webdriver\lib\webdriver.js:188:9)
    at async convertKeys (C:\Users\m.baharlu\node_modules\selenium-webdriver\lib\webdriver.js:193:3)
    at async Driver.execute (C:\Users\m.baharlu\node_modules\selenium-webdriver\lib\webdriver.js:742:22)
[ERROR]: [31mError occurred:[0m
[ERROR]: [31mError occurred:[0m
[LOG]: [32mLogin successful![0m
[ERROR]: [31mError occurred:[0m
[LOG]: [32mLogin successful: Ø³Ø§Ù…â€ŒØªÙ„ verified[0m
[ERROR]: [ERROR] 2025-01-07T08:40:34.231Z: NoSuchElementError: no such element: Unable to locate element: {"method":"xpath","selector":"//a[contains(text(),'Ù…Ø¯ÛŒØ±ÛŒØª ØªÙˆÙ„ÛŒØ¯')]"}
  (Session info: chrome=131.0.6778.205)
    at Object.throwDecodedError (C:\Users\m.baharlu\node_modules\selenium-webdriver\lib\error.js:521:15)
    at parseHttpResponse (C:\Users\m.baharlu\node_modules\selenium-webdriver\lib\http.js:514:13)
    at Executor.execute (C:\Users\m.baharlu\node_modules\selenium-webdriver\lib\http.js:446:28)
    at process.processTicksAndRejections (node:internal/process/task_queues:105:5)
    at async Driver.execute (C:\Users\m.baharlu\node_modules\selenium-webdriver\lib\webdriver.js:744:17)
    at async toWireValue (C:\Users\m.baharlu\node_modules\selenium-webdriver\lib\webdriver.js:148:15)
    at async C:\Users\m.baharlu\node_modules\selenium-webdriver\lib\webdriver.js:194:16
    at async forEachKey (C:\Users\m.baharlu\node_modules\selenium-webdriver\lib\webdriver.js:188:9)
    at async convertKeys (C:\Users\m.baharlu\node_modules\selenium-webdriver\lib\webdriver.js:193:3)
    at async Driver.execute (C:\Users\m.baharlu\node_modules\selenium-webdriver\lib\webdriver.js:742:22)
[LOG]: [32mLogin successful: Ø³Ø§Ù…â€ŒØªÙ„ verified[0m
[ERROR]: [ERROR] 2025-01-07T08:47:11.793Z: NoSuchElementError: no such element: Unable to locate element: {"method":"xpath","selector":"//a[contains(text(),'Ù…Ø¯ÛŒØ±ÛŒØª ØªÙˆÙ„ÛŒØ¯')]"}
  (Session info: chrome=131.0.6778.205)
    at Object.throwDecodedError (C:\Users\m.baharlu\node_modules\selenium-webdriver\lib\error.js:521:15)
    at parseHttpResponse (C:\Users\m.baharlu\node_modules\selenium-webdriver\lib\http.js:514:13)
    at Executor.execute (C:\Users\m.baharlu\node_modules\selenium-webdriver\lib\http.js:446:28)
    at process.processTicksAndRejections (node:internal/process/task_queues:105:5)
    at async Driver.execute (C:\Users\m.baharlu\node_modules\selenium-webdriver\lib\webdriver.js:744:17)
    at async toWireValue (C:\Users\m.baharlu\node_modules\selenium-webdriver\lib\webdriver.js:148:15)
    at async C:\Users\m.baharlu\node_modules\selenium-webdriver\lib\webdriver.js:194:16
    at async forEachKey (C:\Users\m.baharlu\node_modules\selenium-webdriver\lib\webdriver.js:188:9)
    at async convertKeys (C:\Users\m.baharlu\node_modules\selenium-webdriver\lib\webdriver.js:193:3)
    at async Driver.execute (C:\Users\m.baharlu\node_modules\selenium-webdriver\lib\webdriver.js:742:22)
[LOG]: [32mLogin successful: Ø³Ø§Ù…â€ŒØªÙ„ verified[0m
[LOG]: [32mOperator created successfully![0m
[ERROR]: [ERROR] 2025-01-07T08:49:12.663Z: TimeoutError: Waiting for element to be located By(xpath, //table/tbody/tr[1]//button[text()='ÙˆÛŒØ±Ø§ÛŒØ´'])
Wait timed out after 20039ms
    at C:\Users\m.baharlu\node_modules\selenium-webdriver\lib\webdriver.js:928:22
    at process.processTicksAndRejections (node:internal/process/task_queues:105:5)
[LOG]: [32mLogin successful: Ø³Ø§Ù…â€ŒØªÙ„ verified[0m
[LOG]: [32mOperator created successfully![0m
[ERROR]: [ERROR] 2025-01-07T08:54:10.196Z: TimeoutError: Waiting for element to be located By(xpath, //table/tbody/tr[1]//button[text()='ÙˆÛŒØ±Ø§ÛŒØ´'])
Wait timed out after 20064ms
    at C:\Users\m.baharlu\node_modules\selenium-webdriver\lib\webdriver.js:928:22
    at process.processTicksAndRejections (node:internal/process/task_queues:105:5)
[LOG]: [32mLogin successful: Ø³Ø§Ù…â€ŒØªÙ„ verified[0m
[LOG]: [32mOperator created successfully![0m
[ERROR]: [ERROR] 2025-01-07T09:00:21.533Z: TimeoutError: Waiting for element to be located By(xpath, //table/tbody/tr[1]//button[text()='ÙˆÛŒØ±Ø§ÛŒØ´'])
Wait timed out after 20009ms
    at C:\Users\m.baharlu\node_modules\selenium-webdriver\lib\webdriver.js:928:22
    at process.processTicksAndRejections (node:internal/process/task_queues:105:5)
[LOG]: [32mLogin successful: Ø³Ø§Ù…â€ŒØªÙ„ verified[0m
[ERROR]: [ERROR] 2025-01-07T09:23:34.223Z: ReferenceError: Operatorcreate is not defined
    at operatorFlow (C:\Users\m.baharlu\source\repos\NodeConsoleApp2\NodeConsoleApp2\app.js:109:9)
    at process.processTicksAndRejections (node:internal/process/task_queues:105:5)
[LOG]: [32mLogin successful: Ø³Ø§Ù…â€ŒØªÙ„ verified[0m
[LOG]: [32mLogin successful: Ø³Ø§Ù…â€ŒØªÙ„ verified[0m
[LOG]: [32mLogin successful: Ø³Ø§Ù…â€ŒØªÙ„ verified[0m
[LOG]: [32mLogin successful: Ø³Ø§Ù…â€ŒØªÙ„ verified[0m
[LOG]: [32mLogin successful: Ø³Ø§Ù…â€ŒØªÙ„ verified[0m
[LOG]: [32mLogin successful: Ø³Ø§Ù…â€ŒØªÙ„ verified[0m
[ERROR]: [ERROR] 2025-01-07T09:27:07.169Z: NoSuchWindowError: no such window: target window already closed
from unknown error: web view not found
  (Session info: chrome=131.0.6778.205)
    at Object.throwDecodedError (C:\Users\m.baharlu\node_modules\selenium-webdriver\lib\error.js:521:15)
    at parseHttpResponse (C:\Users\m.baharlu\node_modules\selenium-webdriver\lib\http.js:514:13)
    at Executor.execute (C:\Users\m.baharlu\node_modules\selenium-webdriver\lib\http.js:446:28)
    at process.processTicksAndRejections (node:internal/process/task_queues:105:5)
    at async Driver.execute (C:\Users\m.baharlu\node_modules\selenium-webdriver\lib\webdriver.js:744:17)
    at async login (C:\Users\m.baharlu\source\repos\NodeConsoleApp2\NodeConsoleApp2\app.js:47:5)
    at async Operatorcreate (C:\Users\m.baharlu\source\repos\NodeConsoleApp2\NodeConsoleApp2\app.js:108:9)
    at async Operatorcreate (C:\Users\m.baharlu\source\repos\NodeConsoleApp2\NodeConsoleApp2\app.js:109:9)
    at async Operatorcreate (C:\Users\m.baharlu\source\repos\NodeConsoleApp2\NodeConsoleApp2\app.js:109:9)
    at async Operatorcreate (C:\Users\m.baharlu\source\repos\NodeConsoleApp2\NodeConsoleApp2\app.js:109:9)
[ERROR]: [ERROR] 2025-01-07T09:27:07.201Z: ReferenceError: Operatoredit is not defined
    at Operatorcreate (C:\Users\m.baharlu\source\repos\NodeConsoleApp2\NodeConsoleApp2\app.js:110:9)
    at process.processTicksAndRejections (node:internal/process/task_queues:105:5)
    at async Operatorcreate (C:\Users\m.baharlu\source\repos\NodeConsoleApp2\NodeConsoleApp2\app.js:109:9)
    at async Operatorcreate (C:\Users\m.baharlu\source\repos\NodeConsoleApp2\NodeConsoleApp2\app.js:109:9)
    at async Operatorcreate (C:\Users\m.baharlu\source\repos\NodeConsoleApp2\NodeConsoleApp2\app.js:109:9)
    at async Operatorcreate (C:\Users\m.baharlu\source\repos\NodeConsoleApp2\NodeConsoleApp2\app.js:109:9)
    at async Operatorcreate (C:\Users\m.baharlu\source\repos\NodeConsoleApp2\NodeConsoleApp2\app.js:109:9)
[ERROR]: [ERROR] 2025-01-07T09:27:07.244Z: ReferenceError: Operatoredit is not defined
    at Operatorcreate (C:\Users\m.baharlu\source\repos\NodeConsoleApp2\NodeConsoleApp2\app.js:110:9)
    at process.processTicksAndRejections (node:internal/process/task_queues:105:5)
    at async Operatorcreate (C:\Users\m.baharlu\source\repos\NodeConsoleApp2\NodeConsoleApp2\app.js:109:9)
    at async Operatorcreate (C:\Users\m.baharlu\source\repos\NodeConsoleApp2\NodeConsoleApp2\app.js:109:9)
    at async Operatorcreate (C:\Users\m.baharlu\source\repos\NodeConsoleApp2\NodeConsoleApp2\app.js:109:9)
    at async Operatorcreate (C:\Users\m.baharlu\source\repos\NodeConsoleApp2\NodeConsoleApp2\app.js:109:9)
[ERROR]: [ERROR] 2025-01-07T09:27:07.285Z: ReferenceError: Operatoredit is not defined
    at Operatorcreate (C:\Users\m.baharlu\source\repos\NodeConsoleApp2\NodeConsoleApp2\app.js:110:9)
    at process.processTicksAndRejections (node:internal/process/task_queues:105:5)
    at async Operatorcreate (C:\Users\m.baharlu\source\repos\NodeConsoleApp2\NodeConsoleApp2\app.js:109:9)
    at async Operatorcreate (C:\Users\m.baharlu\source\repos\NodeConsoleApp2\NodeConsoleApp2\app.js:109:9)
    at async Operatorcreate (C:\Users\m.baharlu\source\repos\NodeConsoleApp2\NodeConsoleApp2\app.js:109:9)
[ERROR]: [ERROR] 2025-01-07T09:27:07.323Z: ReferenceError: Operatoredit is not defined
    at Operatorcreate (C:\Users\m.baharlu\source\repos\NodeConsoleApp2\NodeConsoleApp2\app.js:110:9)
    at process.processTicksAndRejections (node:internal/process/task_queues:105:5)
    at async Operatorcreate (C:\Users\m.baharlu\source\repos\NodeConsoleApp2\NodeConsoleApp2\app.js:109:9)
    at async Operatorcreate (C:\Users\m.baharlu\source\repos\NodeConsoleApp2\NodeConsoleApp2\app.js:109:9)
[ERROR]: [ERROR] 2025-01-07T09:27:07.361Z: ReferenceError: Operatoredit is not defined
    at Operatorcreate (C:\Users\m.baharlu\source\repos\NodeConsoleApp2\NodeConsoleApp2\app.js:110:9)
    at process.processTicksAndRejections (node:internal/process/task_queues:105:5)
    at async Operatorcreate (C:\Users\m.baharlu\source\repos\NodeConsoleApp2\NodeConsoleApp2\app.js:109:9)
[ERROR]: [ERROR] 2025-01-07T09:27:07.396Z: ReferenceError: Operatoredit is not defined
    at Operatorcreate (C:\Users\m.baharlu\source\repos\NodeConsoleApp2\NodeConsoleApp2\app.js:110:9)
    at process.processTicksAndRejections (node:internal/process/task_queues:105:5)
[LOG]: [32mLogin successful: Ø³Ø§Ù…â€ŒØªÙ„ verified[0m
[LOG]: [32mLogin successful: Ø³Ø§Ù…â€ŒØªÙ„ verified[0m
[LOG]: [32mLogin successful: Ø³Ø§Ù…â€ŒØªÙ„ verified[0m
[LOG]: [32mLogin successful: Ø³Ø§Ù…â€ŒØªÙ„ verified[0m
[LOG]: [32mLogin successful: Ø³Ø§Ù…â€ŒØªÙ„ verified[0m
[LOG]: [32mLogin successful: Ø³Ø§Ù…â€ŒØªÙ„ verified[0m
[LOG]: [32mLogin successful: Ø³Ø§Ù…â€ŒØªÙ„ verified[0m
[LOG]: [32mLogin successful: Ø³Ø§Ù…â€ŒØªÙ„ verified[0m
[ERROR]: [ERROR] 2025-01-07T09:29:13.510Z: NoSuchWindowError: no such window: target window already closed
from unknown error: web view not found
  (Session info: chrome=131.0.6778.205)
    at Object.throwDecodedError (C:\Users\m.baharlu\node_modules\selenium-webdriver\lib\error.js:521:15)
    at parseHttpResponse (C:\Users\m.baharlu\node_modules\selenium-webdriver\lib\http.js:514:13)
    at Executor.execute (C:\Users\m.baharlu\node_modules\selenium-webdriver\lib\http.js:446:28)
    at process.processTicksAndRejections (node:internal/process/task_queues:105:5)
    at async Driver.execute (C:\Users\m.baharlu\node_modules\selenium-webdriver\lib\webdriver.js:744:17)
    at async login (C:\Users\m.baharlu\source\repos\NodeConsoleApp2\NodeConsoleApp2\app.js:47:5)
    at async Operatorcreate (C:\Users\m.baharlu\source\repos\NodeConsoleApp2\NodeConsoleApp2\app.js:108:9)
    at async Operatorcreate (C:\Users\m.baharlu\source\repos\NodeConsoleApp2\NodeConsoleApp2\app.js:109:9)
    at async Operatorcreate (C:\Users\m.baharlu\source\repos\NodeConsoleApp2\NodeConsoleApp2\app.js:109:9)
    at async Operatorcreate (C:\Users\m.baharlu\source\repos\NodeConsoleApp2\NodeConsoleApp2\app.js:109:9)
[ERROR]: [ERROR] 2025-01-07T09:29:13.547Z: ReferenceError: Operatoredit is not defined
    at Operatorcreate (C:\Users\m.baharlu\source\repos\NodeConsoleApp2\NodeConsoleApp2\app.js:110:9)
    at process.processTicksAndRejections (node:internal/process/task_queues:105:5)
    at async Operatorcreate (C:\Users\m.baharlu\source\repos\NodeConsoleApp2\NodeConsoleApp2\app.js:109:9)
    at async Operatorcreate (C:\Users\m.baharlu\source\repos\NodeConsoleApp2\NodeConsoleApp2\app.js:109:9)
    at async Operatorcreate (C:\Users\m.baharlu\source\repos\NodeConsoleApp2\NodeConsoleApp2\app.js:109:9)
    at async Operatorcreate (C:\Users\m.baharlu\source\repos\NodeConsoleApp2\NodeConsoleApp2\app.js:109:9)
    at async Operatorcreate (C:\Users\m.baharlu\source\repos\NodeConsoleApp2\NodeConsoleApp2\app.js:109:9)
    at async Operatorcreate (C:\Users\m.baharlu\source\repos\NodeConsoleApp2\NodeConsoleApp2\app.js:109:9)
    at async Operatorcreate (C:\Users\m.baharlu\source\repos\NodeConsoleApp2\NodeConsoleApp2\app.js:109:9)
[ERROR]: [ERROR] 2025-01-07T09:29:13.595Z: ReferenceError: Operatoredit is not defined
    at Operatorcreate (C:\Users\m.baharlu\source\repos\NodeConsoleApp2\NodeConsoleApp2\app.js:110:9)
    at process.processTicksAndRejections (node:internal/process/task_queues:105:5)
    at async Operatorcreate (C:\Users\m.baharlu\source\repos\NodeConsoleApp2\NodeConsoleApp2\app.js:109:9)
    at async Operatorcreate (C:\Users\m.baharlu\source\repos\NodeConsoleApp2\NodeConsoleApp2\app.js:109:9)
    at async Operatorcreate (C:\Users\m.baharlu\source\repos\NodeConsoleApp2\NodeConsoleApp2\app.js:109:9)
    at async Operatorcreate (C:\Users\m.baharlu\source\repos\NodeConsoleApp2\NodeConsoleApp2\app.js:109:9)
    at async Operatorcreate (C:\Users\m.baharlu\source\repos\NodeConsoleApp2\NodeConsoleApp2\app.js:109:9)
    at async Operatorcreate (C:\Users\m.baharlu\source\repos\NodeConsoleApp2\NodeConsoleApp2\app.js:109:9)
[ERROR]: [ERROR] 2025-01-07T09:29:13.629Z: ReferenceError: Operatoredit is not defined
    at Operatorcreate (C:\Users\m.baharlu\source\repos\NodeConsoleApp2\NodeConsoleApp2\app.js:110:9)
    at process.processTicksAndRejections (node:internal/process/task_queues:105:5)
    at async Operatorcreate (C:\Users\m.baharlu\source\repos\NodeConsoleApp2\NodeConsoleApp2\app.js:109:9)
    at async Operatorcreate (C:\Users\m.baharlu\source\repos\NodeConsoleApp2\NodeConsoleApp2\app.js:109:9)
    at async Operatorcreate (C:\Users\m.baharlu\source\repos\NodeConsoleApp2\NodeConsoleApp2\app.js:109:9)
    at async Operatorcreate (C:\Users\m.baharlu\source\repos\NodeConsoleApp2\NodeConsoleApp2\app.js:109:9)
    at async Operatorcreate (C:\Users\m.baharlu\source\repos\NodeConsoleApp2\NodeConsoleApp2\app.js:109:9)
[ERROR]: [ERROR] 2025-01-07T09:29:13.670Z: ReferenceError: Operatoredit is not defined
    at Operatorcreate (C:\Users\m.baharlu\source\repos\NodeConsoleApp2\NodeConsoleApp2\app.js:110:9)
    at process.processTicksAndRejections (node:internal/process/task_queues:105:5)
    at async Operatorcreate (C:\Users\m.baharlu\source\repos\NodeConsoleApp2\NodeConsoleApp2\app.js:109:9)
    at async Operatorcreate (C:\Users\m.baharlu\source\repos\NodeConsoleApp2\NodeConsoleApp2\app.js:109:9)
    at async Operatorcreate (C:\Users\m.baharlu\source\repos\NodeConsoleApp2\NodeConsoleApp2\app.js:109:9)
    at async Operatorcreate (C:\Users\m.baharlu\source\repos\NodeConsoleApp2\NodeConsoleApp2\app.js:109:9)
[ERROR]: [ERROR] 2025-01-07T09:29:13.708Z: ReferenceError: Operatoredit is not defined
    at Operatorcreate (C:\Users\m.baharlu\source\repos\NodeConsoleApp2\NodeConsoleApp2\app.js:110:9)
    at process.processTicksAndRejections (node:internal/process/task_queues:105:5)
    at async Operatorcreate (C:\Users\m.baharlu\source\repos\NodeConsoleApp2\NodeConsoleApp2\app.js:109:9)
    at async Operatorcreate (C:\Users\m.baharlu\source\repos\NodeConsoleApp2\NodeConsoleApp2\app.js:109:9)
    at async Operatorcreate (C:\Users\m.baharlu\source\repos\NodeConsoleApp2\NodeConsoleApp2\app.js:109:9)
[ERROR]: [ERROR] 2025-01-07T09:29:13.746Z: ReferenceError: Operatoredit is not defined
    at Operatorcreate (C:\Users\m.baharlu\source\repos\NodeConsoleApp2\NodeConsoleApp2\app.js:110:9)
    at process.processTicksAndRejections (node:internal/process/task_queues:105:5)
    at async Operatorcreate (C:\Users\m.baharlu\source\repos\NodeConsoleApp2\NodeConsoleApp2\app.js:109:9)
    at async Operatorcreate (C:\Users\m.baharlu\source\repos\NodeConsoleApp2\NodeConsoleApp2\app.js:109:9)
[ERROR]: [ERROR] 2025-01-07T09:29:13.772Z: ReferenceError: Operatoredit is not defined
    at Operatorcreate (C:\Users\m.baharlu\source\repos\NodeConsoleApp2\NodeConsoleApp2\app.js:110:9)
    at process.processTicksAndRejections (node:internal/process/task_queues:105:5)
    at async Operatorcreate (C:\Users\m.baharlu\source\repos\NodeConsoleApp2\NodeConsoleApp2\app.js:109:9)
[ERROR]: [ERROR] 2025-01-07T09:29:13.797Z: ReferenceError: Operatoredit is not defined
    at Operatorcreate (C:\Users\m.baharlu\source\repos\NodeConsoleApp2\NodeConsoleApp2\app.js:110:9)
    at process.processTicksAndRejections (node:internal/process/task_queues:105:5)
[LOG]: [32mLogin successful: Ø³Ø§Ù…â€ŒØªÙ„ verified[0m
[LOG]: [32mOperator created successfully![0m
[ERROR]: [ERROR during editOperator]: Waiting for element to be located By(xpath, //table/tbody/tr[1]//button[text()='ÙˆÛŒØ±Ø§ÛŒØ´'])
Wait timed out after 20070ms
[ERROR]: [ERROR during deleteOperator]: Waiting for element to be located By(xpath, //table/tbody/tr[1]//button[text()='Ø­Ø°Ù'])
Wait timed out after 20023ms
[LOG]: [32mLogin successful: Ø³Ø§Ù…â€ŒØªÙ„ verified[0m
[ERROR]: [ERROR in main execution]: Operatorcreate is not defined
[LOG]: [32mLogin successful: Ø³Ø§Ù…â€ŒØªÙ„ verified[0m
[LOG]: [32mOperator created successfully![0m
[ERROR]: [ERROR in main execution]: Operatoredit is not defined
[ERROR]: [ERROR during createOperator]: Cannot read properties of undefined (reading 'wait')
[LOG]: [32mLogin successful: Ø³Ø§Ù…â€ŒØªÙ„ verified[0m
[LOG]: [32mLogin successful![0m
[LOG]: [32mOperator created successfully![0m
[ERROR]: [ERROR in main execution]: Operatoredit is not defined
[ERROR]: [31mError occurred:[0m
[ERROR]: [31mError occurred:[0m
[ERROR]: [31mError occurred:[0m
[LOG]: [32mOperator created successfully![0m
[ERROR]: [31mError occurred:[0m
[ERROR]: [31mError occurred:[0m
[ERROR]: [31mError occurred:[0m
[LOG]: [32mLogin successful: Ø³Ø§Ù…â€ŒØªÙ„ verified[0m
[ERROR]: [ERROR during createOperator]: disconnected: unable to send message to renderer
  (failed to check if window was closed: disconnected: not connected to DevTools)
  (Session info: chrome=131.0.6778.205)
[ERROR]: [ERROR in main execution]: Operatoredit is not defined
[ERROR]: [31mError occurred:[0m
[ERROR]: [31mError occurred:[0m
[LOG]: [32mok sam tel[0m
[LOG]: 0037739
[LOG]: Generated Number:
[ERROR]: [31mError occurred:[0m
[ERROR]: [31mError occurred:[0m
[ERROR]: [ERROR] 2025-01-07T09:46:09.488Z: NoSuchWindowError: no such window: target window already closed
from unknown error: web view not found
  (Session info: chrome=131.0.6778.205)
    at Object.throwDecodedError (C:\Users\m.baharlu\node_modules\selenium-webdriver\lib\error.js:521:15)
    at parseHttpResponse (C:\Users\m.baharlu\node_modules\selenium-webdriver\lib\http.js:514:13)
    at Executor.execute (C:\Users\m.baharlu\node_modules\selenium-webdriver\lib\http.js:446:28)
    at process.processTicksAndRejections (node:internal/process/task_queues:105:5)
    at async Driver.execute (C:\Users\m.baharlu\node_modules\selenium-webdriver\lib\webdriver.js:744:17)
    at async operatorcreate (C:\Users\m.baharlu\source\repos\NodeConsoleApp2\NodeConsoleApp2\app.js:74:9)
    at async run (C:\Users\m.baharlu\source\repos\NodeConsoleApp2\NodeConsoleApp2\app.js:93:5)
[ERROR]: [31mError occurred:[0m
[LOG]: [32mok sam tel[0m
[LOG]: 5313195
[LOG]: Generated Number:
[LOG]: [32mLogin successful![0m
[ERROR]: [31mError occurred:[0m
[ERROR]: [31mError occurred:[0m
[ERROR]: [ERROR] 2025-01-07T10:06:41.421Z: NoSuchElementError: no such element: Unable to locate element: {"method":"xpath","selector":"//a[contains(text(),'Ù…Ø¯ÛŒØ±ÛŒØª ØªÙˆÙ„ÛŒØ¯')]"}
  (Session info: chrome=131.0.6778.205)
    at Object.throwDecodedError (C:\Users\m.baharlu\node_modules\selenium-webdriver\lib\error.js:521:15)
    at parseHttpResponse (C:\Users\m.baharlu\node_modules\selenium-webdriver\lib\http.js:514:13)
    at Executor.execute (C:\Users\m.baharlu\node_modules\selenium-webdriver\lib\http.js:446:28)
    at process.processTicksAndRejections (node:internal/process/task_queues:105:5)
    at async Driver.execute (C:\Users\m.baharlu\node_modules\selenium-webdriver\lib\webdriver.js:744:17)
    at async toWireValue (C:\Users\m.baharlu\node_modules\selenium-webdriver\lib\webdriver.js:148:15)
    at async C:\Users\m.baharlu\node_modules\selenium-webdriver\lib\webdriver.js:194:16
    at async forEachKey (C:\Users\m.baharlu\node_modules\selenium-webdriver\lib\webdriver.js:188:9)
    at async convertKeys (C:\Users\m.baharlu\node_modules\selenium-webdriver\lib\webdriver.js:193:3)
    at async Driver.execute (C:\Users\m.baharlu\node_modules\selenium-webdriver\lib\webdriver.js:742:22)
[LOG]: [32mOperator created successfully![0m
[ERROR]: [31mError occurred:[0m
[ERROR]: [31mError occurred:[0m
[ERROR]: [31mError occurred:[0m
[ERROR]: [31mError occurred:[0m
[LOG]: [32mok sam tel[0m
[LOG]: 4391610
[LOG]: Generated Number:
[ERROR]: [ERROR] 2025-01-07T10:40:19.770Z: NoSuchWindowError: no such window: target window already closed
from unknown error: web view not found
  (Session info: chrome=131.0.6778.205)
    at Object.throwDecodedError (C:\Users\m.baharlu\node_modules\selenium-webdriver\lib\error.js:521:15)
    at parseHttpResponse (C:\Users\m.baharlu\node_modules\selenium-webdriver\lib\http.js:514:13)
    at Executor.execute (C:\Users\m.baharlu\node_modules\selenium-webdriver\lib\http.js:446:28)
    at process.processTicksAndRejections (node:internal/process/task_queues:105:5)
    at async Driver.execute (C:\Users\m.baharlu\node_modules\selenium-webdriver\lib\webdriver.js:744:17)
    at async operatorcreate (C:\Users\m.baharlu\source\repos\NodeConsoleApp2\NodeConsoleApp2\app.js:74:9)
    at async run (C:\Users\m.baharlu\source\repos\NodeConsoleApp2\NodeConsoleApp2\app.js:93:5)
[LOG]: [32mLogin successful![0m
[ERROR]: [31mError occurred:[0m
[ERROR]: [31mError occurred:[0m
[ERROR]: [31mError occurred:[0m
[ERROR]: [31mError occurred:[0m
[ERROR]: [31mError occurred:[0m
[LOG]: Generated National ID:
[LOG]: [32mForm submitted successfully![0m
[LOG]: Generated National ID:
[LOG]: Generated National ID:
[LOG]: [32mForm submitted successfully![0m
[LOG]: Generated National ID:
[LOG]: Generated National ID:
[LOG]: Generated National ID:
[LOG]: Generated National ID:
[LOG]: Generated National ID:
[LOG]: Generated National ID:
[LOG]: Generated National ID:
[LOG]: Generated National ID:
[LOG]: Generated National ID:
[LOG]: Generated National ID:
[LOG]: Generated National ID:
[LOG]: Generated National ID:
[LOG]: Generated National ID:
[LOG]: [32mForm submitted successfully![0m
[LOG]: Generated National ID:
[LOG]: [32mForm submitted successfully![0m
[LOG]: Generated National ID:
[LOG]: [32mForm submitted successfully![0m
[LOG]: Generated National ID:
[LOG]: [32mForm submitted successfully![0m
[LOG]: Generated National ID:
[LOG]: [32mForm submitted successfully![0m
[LOG]: Generated National ID:
[LOG]: [32mForm submitted successfully![0m
[LOG]: Generated National ID:
[LOG]: Generated National ID:
[LOG]: Generated National ID:
[LOG]: Generated National ID:
[LOG]: [32mForm submitted successfully![0m
[LOG]: Generated National ID:
[LOG]: [32mForm submitted successfully![0m
[LOG]: Generated National ID:
[LOG]: Generated National ID:
[LOG]: [32mForm submitted successfully![0m
[LOG]: Generated National ID:
[LOG]: [32mForm submitted successfully![0m
[LOG]: Generated National ID:
[LOG]: [32mForm submitted successfully![0m
[LOG]: Generated National ID:
[LOG]: [32mForm submitted successfully![0m
[LOG]: Generated National ID:
[LOG]: [32mForm submitted successfully![0m
[LOG]: Generated National ID:
[LOG]: Generated National ID:
[LOG]: [32mForm submitted successfully![0m
[LOG]: Generated National ID:
[LOG]: [32mForm submitted successfully![0m
[LOG]: Generated National ID:
[LOG]: [32mForm submitted successfully![0m
[LOG]: Generated National ID:
[LOG]: [32mForm submitted successfully![0m
[LOG]: Generated National ID:
[LOG]: [32mForm submitted successfully![0m
[LOG]: Generated National ID:
[LOG]: Generated National ID:
[LOG]: Generated National ID:
[LOG]: Generated National ID:
[LOG]: Generated National ID:
[LOG]: Generated National ID:
[LOG]: Generated National ID:
[LOG]: [32mForm submitted successfully![0m
[LOG]: Generated National ID:
[LOG]: [32mForm submitted successfully![0m
[LOG]: Generated National ID:
[LOG]: [32mForm submitted successfully![0m
[LOG]: Generated National ID:
[LOG]: [32mForm submitted successfully![0m
[LOG]: Generated National ID:
[LOG]: ==== mahjava ====
[LOG]: [object Object]
[LOG]: ==== end ===
[LOG]: [32mForm submitted successfully![0m
[LOG]: Generated National ID:
[LOG]: ==== mahjava ====
[LOG]: [object Object]
[LOG]: ==== end ===
[LOG]: Generated National ID:
[LOG]: ==== mahjava ====
[LOG]: [object Object]
[LOG]: ==== end ===
[LOG]: Generated National ID:
[LOG]: ==== mahjava ====
[LOG]: [object Object]
[LOG]: ==== end ===
[LOG]: Generated National ID:
[LOG]: ==== mahjava ====
[LOG]: [object Object]
[LOG]: ==== end ===
[LOG]: Generated National ID:
[LOG]: ==== mahjava ====
[LOG]: [object Object]
[LOG]: ==== end ===
[LOG]: Generated National ID:
[LOG]: ==== mahjava ====
[LOG]: [object Object]
[LOG]: Generated National ID:
[LOG]: ==== mahjava ====
[LOG]: [object Object]
[LOG]: ==== end ===
[LOG]: Generated National ID:
[LOG]: ==== mahjava ====
[LOG]: [object Object]
[LOG]: ==== end ===
[LOG]: Generated National ID:
[LOG]: ==== element ====
[LOG]: [object Object]
[LOG]: ==== end ===
[LOG]: Generated National ID:
[LOG]: ==== element ====
[LOG]: [object Object]
[LOG]: ==== end ===
[LOG]: [object Object]
[LOG]: ==== 66 ====
[LOG]: ==== 70 ====
[LOG]: [object Object]
[LOG]: ==== 66 ====
[LOG]: ==== 70 ====
[LOG]: [32mOperator deleted successfully![0m
[LOG]: [32mok sam tel[0m
[LOG]: 8296753
[LOG]: Generated Number:
[LOG]: [32mTitle is correct![0m
[LOG]: [32mText found: Ø³Ø§Ù…â€ŒØªÙ„[0m
[LOG]: Generated Random Number (Mobile):
[LOG]: Generated National ID:
[LOG]: Generated National ID:
[LOG]: ==== element ====
[LOG]: ==== element ====
[LOG]: [object Object]
[LOG]: [object Object]
[LOG]: ==== end ===
[LOG]: ==== end ===
[LOG]: [32mLogin successful![0m
[LOG]: [32mLogin successful![0m
[LOG]: [32mTitle is correct![0m
[LOG]: [32mTitle is correct![0m
[LOG]: [32mText found: Ø³Ø§Ù…â€ŒØªÙ„[0m
[LOG]: [32mText found: Ø³Ø§Ù…â€ŒØªÙ„[0m
[LOG]: [object Object]
[LOG]: [object Object]
[LOG]: [object Object]
[LOG]: ==== 66 ====
[LOG]: ==== 66 ====
[LOG]: ==== 66 ====
[LOG]: ==== 70 ====
[LOG]: ==== 70 ====
[LOG]: ==== 70 ====
[LOG]: [32mOperator deleted successfully![0m
[LOG]: [32mOperator deleted successfully![0m
[LOG]: [32mOperator deleted successfully![0m
[ERROR]: [ERROR] 2025-01-08T13:14:27.384Z: NoSuchElementError: no such element: Unable to locate element: {"method":"xpath","selector":"//a[contains(text(),'Ù…Ø¯ÛŒØ±ÛŒØª ØªÙˆÙ„ÛŒØ¯')]"}
  (Session info: chrome=131.0.6778.205)
    at Object.throwDecodedError (C:\Users\m.baharlu\node_modules\selenium-webdriver\lib\error.js:521:15)
    at parseHttpResponse (C:\Users\m.baharlu\node_modules\selenium-webdriver\lib\http.js:514:13)
    at Executor.execute (C:\Users\m.baharlu\node_modules\selenium-webdriver\lib\http.js:446:28)
    at process.processTicksAndRejections (node:internal/process/task_queues:105:5)
    at async Driver.execute (C:\Users\m.baharlu\node_modules\selenium-webdriver\lib\webdriver.js:744:17)
    at async toWireValue (C:\Users\m.baharlu\node_modules\selenium-webdriver\lib\webdriver.js:148:15)
    at async C:\Users\m.baharlu\node_modules\selenium-webdriver\lib\webdriver.js:194:16
    at async forEachKey (C:\Users\m.baharlu\node_modules\selenium-webdriver\lib\webdriver.js:188:9)
    at async convertKeys (C:\Users\m.baharlu\node_modules\selenium-webdriver\lib\webdriver.js:193:3)
    at async Driver.execute (C:\Users\m.baharlu\node_modules\selenium-webdriver\lib\webdriver.js:742:22)
[LOG]: [32mOperator created successfully![0m
[LOG]: [32mOperator created successfully![0m
[LOG]: [32mOperator created successfully![0m
[LOG]: [32mTitle is correct![0m
[LOG]: [32mTitle is correct![0m
[LOG]: [32mTitle is correct![0m
[LOG]: [32mText found: Ø³Ø§Ù…â€ŒØªÙ„[0m
[LOG]: [32mText found: Ø³Ø§Ù…â€ŒØªÙ„[0m
[LOG]: [32mText found: Ø³Ø§Ù…â€ŒØªÙ„[0m
[LOG]: [object Object]
[LOG]: [object Object]
[LOG]: [object Object]
[LOG]: [object Object]
[LOG]: ==== 66 ====
[LOG]: ==== 66 ====
[LOG]: ==== 66 ====
[LOG]: ==== 66 ====
[LOG]: ==== 70 ====
[LOG]: ==== 70 ====
[LOG]: ==== 70 ====
[LOG]: ==== 70 ====
[LOG]: [32mOperator deleted successfully![0m
[LOG]: [32mOperator deleted successfully![0m
[LOG]: [32mOperator deleted successfully![0m
[LOG]: [32mOperator deleted successfully![0m
[LOG]: [32mTitle is correct![0m
[LOG]: [32mTitle is correct![0m
[LOG]: [32mTitle is correct![0m
[LOG]: [32mTitle is correct![0m
[LOG]: [32mText found: Ø³Ø§Ù…â€ŒØªÙ„[0m
[LOG]: [32mText found: Ø³Ø§Ù…â€ŒØªÙ„[0m
[LOG]: [32mText found: Ø³Ø§Ù…â€ŒØªÙ„[0m
[LOG]: [32mText found: Ø³Ø§Ù…â€ŒØªÙ„[0m
[ERROR]: [31mError occurred:[0m
[LOG]: Generated Random Number (Mobile):
[LOG]: Generated Random Number (Mobile):
[LOG]: Generated Random Number (Mobile):
[LOG]: Generated Random Number (Mobile):
[LOG]: Generated National ID:
[LOG]: Generated National ID:
[LOG]: Generated National ID:
[LOG]: Generated National ID:
[LOG]: Generated National ID:
[LOG]: ==== element ====
[LOG]: ==== element ====
[LOG]: ==== element ====
[LOG]: ==== element ====
[LOG]: ==== element ====
[LOG]: [object Object]
[LOG]: [object Object]
[LOG]: [object Object]
[LOG]: [object Object]
[LOG]: [object Object]
[LOG]: ==== end ===
[LOG]: ==== end ===
[LOG]: ==== end ===
[LOG]: ==== end ===
[LOG]: ==== end ===
[LOG]: Generated National ID:
[LOG]: ==== element ====
[LOG]: [object Object]
[LOG]: ==== end ===
[LOG]: Generated National ID:
[LOG]: ==== element ====
[LOG]: [object Object]
[LOG]: ==== end ===
[LOG]: [32mForm submitted successfully![0m
[LOG]: [32mTitle is correct![0m
[LOG]: [32mText found: Ø³Ø§Ù…â€ŒØªÙ„[0m
[LOG]: [32mok sam tel[0m
[LOG]: 3923898
[LOG]: Generated Number:
[LOG]: Generated Random Number (Mobile):
[LOG]: Generated National ID:
[LOG]: Generated National ID:
[LOG]: ==== element ====
[LOG]: ==== element ====
[LOG]: [object Object]
[LOG]: [object Object]
[LOG]: ==== end ===
[LOG]: ==== end ===
[LOG]: [32mForm submitted successfully![0m
[LOG]: [32mForm submitted successfully![0m
[LOG]: [32mTitle is correct![0m
[LOG]: [32mTitle is correct![0m
[LOG]: [32mText found: Ø³Ø§Ù…â€ŒØªÙ„[0m
[LOG]: [32mText found: Ø³Ø§Ù…â€ŒØªÙ„[0m
[LOG]: [32mLogin successful![0m
[LOG]: [32mLogin successful![0m
[LOG]: [32mLogin successful![0m
[LOG]: [object Object]
[LOG]: [object Object]
[LOG]: [object Object]
[LOG]: ==== 66 ====
[LOG]: ==== 66 ====
[LOG]: ==== 66 ====
[LOG]: ==== 70 ====
[LOG]: ==== 70 ====
[LOG]: ==== 70 ====
[LOG]: [32mOperator deleted successfully![0m
[LOG]: [32mOperator deleted successfully![0m
[LOG]: [32mOperator deleted successfully![0m
[ERROR]: [ERROR] 2025-01-08T13:19:55.678Z: NoSuchElementError: no such element: Unable to locate element: {"method":"xpath","selector":"//a[contains(text(),'Ù…Ø¯ÛŒØ±ÛŒØª ØªÙˆÙ„ÛŒØ¯')]"}
  (Session info: chrome=131.0.6778.205)
    at Object.throwDecodedError (C:\Users\m.baharlu\node_modules\selenium-webdriver\lib\error.js:521:15)
    at parseHttpResponse (C:\Users\m.baharlu\node_modules\selenium-webdriver\lib\http.js:514:13)
    at Executor.execute (C:\Users\m.baharlu\node_modules\selenium-webdriver\lib\http.js:446:28)
    at process.processTicksAndRejections (node:internal/process/task_queues:105:5)
    at async Driver.execute (C:\Users\m.baharlu\node_modules\selenium-webdriver\lib\webdriver.js:744:17)
    at async toWireValue (C:\Users\m.baharlu\node_modules\selenium-webdriver\lib\webdriver.js:148:15)
    at async C:\Users\m.baharlu\node_modules\selenium-webdriver\lib\webdriver.js:194:16
    at async forEachKey (C:\Users\m.baharlu\node_modules\selenium-webdriver\lib\webdriver.js:188:9)
    at async convertKeys (C:\Users\m.baharlu\node_modules\selenium-webdriver\lib\webdriver.js:193:3)
    at async Driver.execute (C:\Users\m.baharlu\node_modules\selenium-webdriver\lib\webdriver.js:742:22)
[LOG]: [32mOperator created successfully![0m
[LOG]: [32mOperator created successfully![0m
[LOG]: [32mOperator created successfully![0m
[LOG]: [32mTitle is correct![0m
[LOG]: [32mTitle is correct![0m
[LOG]: [32mTitle is correct![0m
[LOG]: [32mText found: Ø³Ø§Ù…â€ŒØªÙ„[0m
[LOG]: [32mText found: Ø³Ø§Ù…â€ŒØªÙ„[0m
[LOG]: [32mText found: Ø³Ø§Ù…â€ŒØªÙ„[0m
[LOG]: [object Object]
[LOG]: [object Object]
[LOG]: [object Object]
[LOG]: [object Object]
[LOG]: ==== 66 ====
[LOG]: ==== 66 ====
[LOG]: ==== 66 ====
[LOG]: ==== 66 ====
[LOG]: ==== 70 ====
[LOG]: ==== 70 ====
[LOG]: ==== 70 ====
[LOG]: ==== 70 ====
[LOG]: [32mOperator deleted successfully![0m
[LOG]: [32mOperator deleted successfully![0m
[LOG]: [32mOperator deleted successfully![0m
[LOG]: [32mOperator deleted successfully![0m
[LOG]: [32mTitle is correct![0m
[LOG]: [32mTitle is correct![0m
[LOG]: [32mTitle is correct![0m
[LOG]: [32mTitle is correct![0m
[LOG]: [32mText found: Ø³Ø§Ù…â€ŒØªÙ„[0m
[LOG]: [32mText found: Ø³Ø§Ù…â€ŒØªÙ„[0m
[LOG]: [32mText found: Ø³Ø§Ù…â€ŒØªÙ„[0m
[LOG]: [32mText found: Ø³Ø§Ù…â€ŒØªÙ„[0m
[ERROR]: [31mError occurred:[0m
[LOG]: Generated Random Number (Mobile):
[LOG]: Generated Random Number (Mobile):
[LOG]: Generated Random Number (Mobile):
[LOG]: Generated Random Number (Mobile):
[LOG]: Generated National ID:
[LOG]: Generated National ID:
[LOG]: Generated National ID:
[LOG]: Generated National ID:
[LOG]: Generated National ID:
[LOG]: ==== element ====
[LOG]: ==== element ====
[LOG]: ==== element ====
[LOG]: ==== element ====
[LOG]: ==== element ====
[LOG]: [object Object]
[LOG]: [object Object]
[LOG]: [object Object]
[LOG]: [object Object]
[LOG]: [object Object]
[LOG]: ==== end ===
[LOG]: ==== end ===
[LOG]: ==== end ===
[LOG]: ==== end ===
[LOG]: ==== end ===
[LOG]: [32mForm submitted successfully![0m
[LOG]: [32mForm submitted successfully![0m
[LOG]: [32mForm submitted successfully![0m
[LOG]: [32mForm submitted successfully![0m
[LOG]: [32mForm submitted successfully![0m
[LOG]: [32mLogin successful![0m
[LOG]: [32mLogin successful![0m
[LOG]: [32mLogin successful![0m
[LOG]: [32mLogin successful![0m
[LOG]: [32mLogin successful![0m
[LOG]: [32mOperator created successfully![0m
[LOG]: [32mOperator created successfully![0m
[LOG]: [32mOperator created successfully![0m
[LOG]: [32mOperator created successfully![0m
[LOG]: [32mOperator created successfully![0m
[ERROR]: [31mError occurred:[0m
[LOG]: [32mok sam tel[0m
[LOG]: 9532199
[LOG]: Generated Number:
[LOG]: [32mTitle is correct![0m
[LOG]: [32mText found: Ø³Ø§Ù…â€ŒØªÙ„[0m
[LOG]: [32mTitle is correct![0m
[LOG]: [32mText found: Ø³Ø§Ù…â€ŒØªÙ„[0m
[LOG]: [32mLogin successful![0m
[LOG]: [32mLogin successful![0m
[LOG]: Generated Random Number (Mobile):
[LOG]: Generated Random Number (Mobile):
[LOG]: Generated National ID:
[LOG]: Generated National ID:
[LOG]: Generated National ID:
[LOG]: [32mOperator created successfully![0m
[LOG]: [32mOperator created successfully![0m
[LOG]: [32mOperator created successfully![0m
[LOG]: [object Object]
[LOG]: [object Object]
[LOG]: [object Object]
[LOG]: ==== 66 ====
[LOG]: ==== 66 ====
[LOG]: ==== 66 ====
[ERROR]: [31mError occurred:[0m
[ERROR]: [31mError occurred:[0m
[LOG]: ==== 70 ====
[LOG]: ==== 70 ====
[LOG]: ==== 70 ====
[LOG]: [32mOperator deleted successfully![0m
[LOG]: [32mOperator deleted successfully![0m
[LOG]: [32mOperator deleted successfully![0m
[ERROR]: [ERROR] 2025-01-08T13:23:26.875Z: NoSuchElementError: no such element: Unable to locate element: {"method":"xpath","selector":"//a[contains(text(),'Ù…Ø¯ÛŒØ±ÛŒØª ØªÙˆÙ„ÛŒØ¯')]"}
  (Session info: chrome=131.0.6778.205)
    at Object.throwDecodedError (C:\Users\m.baharlu\node_modules\selenium-webdriver\lib\error.js:521:15)
    at parseHttpResponse (C:\Users\m.baharlu\node_modules\selenium-webdriver\lib\http.js:514:13)
    at Executor.execute (C:\Users\m.baharlu\node_modules\selenium-webdriver\lib\http.js:446:28)
    at process.processTicksAndRejections (node:internal/process/task_queues:105:5)
    at async Driver.execute (C:\Users\m.baharlu\node_modules\selenium-webdriver\lib\webdriver.js:744:17)
    at async toWireValue (C:\Users\m.baharlu\node_modules\selenium-webdriver\lib\webdriver.js:148:15)
    at async C:\Users\m.baharlu\node_modules\selenium-webdriver\lib\webdriver.js:194:16
    at async forEachKey (C:\Users\m.baharlu\node_modules\selenium-webdriver\lib\webdriver.js:188:9)
    at async convertKeys (C:\Users\m.baharlu\node_modules\selenium-webdriver\lib\webdriver.js:193:3)
    at async Driver.execute (C:\Users\m.baharlu\node_modules\selenium-webdriver\lib\webdriver.js:742:22)
[LOG]: [32mTitle is correct![0m
[LOG]: [32mTitle is correct![0m
[LOG]: [32mTitle is correct![0m
[LOG]: [32mText found: Ø³Ø§Ù…â€ŒØªÙ„[0m
[LOG]: [32mText found: Ø³Ø§Ù…â€ŒØªÙ„[0m
[LOG]: [32mText found: Ø³Ø§Ù…â€ŒØªÙ„[0m
[LOG]: [object Object]
[LOG]: [object Object]
[LOG]: [object Object]
[LOG]: [object Object]
[LOG]: ==== 66 ====
[LOG]: ==== 66 ====
[LOG]: ==== 66 ====
[LOG]: ==== 66 ====
[LOG]: ==== 70 ====
[LOG]: ==== 70 ====
[LOG]: ==== 70 ====
[LOG]: ==== 70 ====
[LOG]: [32mOperator deleted successfully![0m
[LOG]: [32mOperator deleted successfully![0m
[LOG]: [32mOperator deleted successfully![0m
[LOG]: [32mOperator deleted successfully![0m
[LOG]: [32mTitle is correct![0m
[LOG]: [32mTitle is correct![0m
[LOG]: [32mTitle is correct![0m
[LOG]: [32mTitle is correct![0m
[LOG]: [32mText found: Ø³Ø§Ù…â€ŒØªÙ„[0m
[LOG]: [32mText found: Ø³Ø§Ù…â€ŒØªÙ„[0m
[LOG]: [32mText found: Ø³Ø§Ù…â€ŒØªÙ„[0m
[LOG]: [32mText found: Ø³Ø§Ù…â€ŒØªÙ„[0m
[LOG]: Generated Random Number (Mobile):
[LOG]: Generated Random Number (Mobile):
[LOG]: Generated Random Number (Mobile):
[LOG]: Generated Random Number (Mobile):
[LOG]: Generated National ID:
[LOG]: Generated National ID:
[LOG]: Generated National ID:
[LOG]: Generated National ID:
[LOG]: Generated National ID:
[LOG]: ==== element ====
[LOG]: ==== element ====
[LOG]: ==== element ====
[LOG]: ==== element ====
[LOG]: ==== element ====
[LOG]: [object Object]
[LOG]: [object Object]
[LOG]: [object Object]
[LOG]: [object Object]
[LOG]: [object Object]
[LOG]: ==== end ===
[LOG]: ==== end ===
[LOG]: ==== end ===
[LOG]: ==== end ===
[LOG]: ==== end ===
[LOG]: [32mForm submitted successfully![0m
[LOG]: [32mForm submitted successfully![0m
[LOG]: [32mForm submitted successfully![0m
[LOG]: [32mForm submitted successfully![0m
[LOG]: [32mForm submitted successfully![0m
[LOG]: [32mLogin successful![0m
[LOG]: [32mLogin successful![0m
[LOG]: [32mLogin successful![0m
[LOG]: [32mLogin successful![0m
[LOG]: [32mLogin successful![0m
[LOG]: [32mOperator created successfully![0m
[LOG]: [32mOperator created successfully![0m
[LOG]: [32mOperator created successfully![0m
[LOG]: [32mOperator created successfully![0m
[LOG]: [32mOperator created successfully![0m
[ERROR]: [31mError occurred:[0m
[LOG]: [32mTitle is correct![0m
[LOG]: [32mText found: Ø³Ø§Ù…â€ŒØªÙ„[0m
[LOG]: [32mok sam tel[0m
[LOG]: 9269588
[LOG]: Generated Number:
[LOG]: [32mLogin successful![0m
[LOG]: [32mTitle is correct![0m
[LOG]: [32mText found: Ø³Ø§Ù…â€ŒØªÙ„[0m
[ERROR]: [ERROR] 2025-01-08T13:24:41.471Z: NoSuchElementError: no such element: Unable to locate element: {"method":"xpath","selector":"//a[contains(text(),'Ù…Ø¯ÛŒØ±ÛŒØª ØªÙˆÙ„ÛŒØ¯')]"}
  (Session info: chrome=131.0.6778.205)
    at Object.throwDecodedError (C:\Users\m.baharlu\node_modules\selenium-webdriver\lib\error.js:521:15)
    at parseHttpResponse (C:\Users\m.baharlu\node_modules\selenium-webdriver\lib\http.js:514:13)
    at Executor.execute (C:\Users\m.baharlu\node_modules\selenium-webdriver\lib\http.js:446:28)
    at process.processTicksAndRejections (node:internal/process/task_queues:105:5)
    at async Driver.execute (C:\Users\m.baharlu\node_modules\selenium-webdriver\lib\webdriver.js:744:17)
    at async toWireValue (C:\Users\m.baharlu\node_modules\selenium-webdriver\lib\webdriver.js:148:15)
    at async C:\Users\m.baharlu\node_modules\selenium-webdriver\lib\webdriver.js:194:16
    at async forEachKey (C:\Users\m.baharlu\node_modules\selenium-webdriver\lib\webdriver.js:188:9)
    at async convertKeys (C:\Users\m.baharlu\node_modules\selenium-webdriver\lib\webdriver.js:193:3)
    at async Driver.execute (C:\Users\m.baharlu\node_modules\selenium-webdriver\lib\webdriver.js:742:22)
[LOG]: Generated Random Number (Mobile):
[LOG]: Generated Random Number (Mobile):
[LOG]: Generated National ID:
[LOG]: Generated National ID:
[LOG]: Generated National ID:
[LOG]: ==== element ====
[LOG]: ==== element ====
[LOG]: ==== element ====
[LOG]: [object Object]
[LOG]: [object Object]
[LOG]: [object Object]
[LOG]: ==== end ===
[LOG]: ==== end ===
[LOG]: ==== end ===
[LOG]: [32mOperator created successfully![0m
[LOG]: [32mOperator created successfully![0m
[LOG]: [32mOperator created successfully![0m
[LOG]: [object Object]
[LOG]: [object Object]
[LOG]: [object Object]
[LOG]: ==== 66 ====
[LOG]: ==== 66 ====
[LOG]: ==== 66 ====
[ERROR]: [31mError occurred:[0m
[LOG]: [32mTitle is correct![0m
[LOG]: [32mTitle is correct![0m
[LOG]: [32mTitle is correct![0m
[LOG]: [32mText found: Ø³Ø§Ù…â€ŒØªÙ„[0m
[LOG]: [32mText found: Ø³Ø§Ù…â€ŒØªÙ„[0m
[LOG]: [32mText found: Ø³Ø§Ù…â€ŒØªÙ„[0m
[LOG]: ==== 70 ====
[LOG]: ==== 70 ====
[LOG]: ==== 70 ====
[LOG]: ==== 70 ====
[LOG]: [object Object]
[LOG]: [object Object]
[LOG]: [object Object]
[LOG]: [object Object]
[LOG]: ==== 66 ====
[LOG]: ==== 66 ====
[LOG]: ==== 66 ====
[LOG]: ==== 66 ====
[LOG]: [32mOperator deleted successfully![0m
[LOG]: [32mOperator deleted successfully![0m
[LOG]: [32mOperator deleted successfully![0m
[LOG]: [32mOperator deleted successfully![0m
[LOG]: [32mForm submitted successfully![0m
[LOG]: [32mForm submitted successfully![0m
[LOG]: [32mForm submitted successfully![0m
[LOG]: [32mForm submitted successfully![0m
[LOG]: ==== 70 ====
[LOG]: ==== 70 ====
[LOG]: ==== 70 ====
[LOG]: ==== 70 ====
[LOG]: [32mOperator deleted successfully![0m
[LOG]: [32mOperator deleted successfully![0m
[LOG]: [32mOperator deleted successfully![0m
[LOG]: [32mOperator deleted successfully![0m
[LOG]: [32mTitle is correct![0m
[LOG]: [32mTitle is correct![0m
[LOG]: [32mTitle is correct![0m
[LOG]: [32mTitle is correct![0m
[LOG]: [32mText found: Ø³Ø§Ù…â€ŒØªÙ„[0m
[LOG]: [32mText found: Ø³Ø§Ù…â€ŒØªÙ„[0m
[LOG]: [32mText found: Ø³Ø§Ù…â€ŒØªÙ„[0m
[LOG]: [32mText found: Ø³Ø§Ù…â€ŒØªÙ„[0m
[LOG]: Generated Random Number (Mobile):
[LOG]: Generated Random Number (Mobile):
[LOG]: Generated Random Number (Mobile):
[LOG]: Generated Random Number (Mobile):
[LOG]: Generated National ID:
[LOG]: Generated National ID:
[LOG]: Generated National ID:
[LOG]: Generated National ID:
[LOG]: Generated National ID:
[LOG]: ==== element ====
[LOG]: ==== element ====
[LOG]: ==== element ====
[LOG]: ==== element ====
[LOG]: ==== element ====
[LOG]: [object Object]
[LOG]: [object Object]
[LOG]: [object Object]
[LOG]: [object Object]
[LOG]: [object Object]
[LOG]: ==== end ===
[LOG]: ==== end ===
[LOG]: ==== end ===
[LOG]: ==== end ===
[LOG]: ==== end ===
[LOG]: [32mForm submitted successfully![0m
[LOG]: [32mForm submitted successfully![0m
[LOG]: [32mForm submitted successfully![0m
[LOG]: [32mForm submitted successfully![0m
[LOG]: [32mForm submitted successfully![0m
[LOG]: [32mLogin successful![0m
[LOG]: [32mLogin successful![0m
[LOG]: [32mLogin successful![0m
[LOG]: [32mLogin successful![0m
[LOG]: [32mLogin successful![0m
[LOG]: [32mOperator created successfully![0m
[LOG]: [32mOperator created successfully![0m
[LOG]: [32mOperator created successfully![0m
[LOG]: [32mOperator created successfully![0m
[LOG]: [32mOperator created successfully![0m
[ERROR]: [31mError occurred:[0m
[LOG]: [32mTitle is correct![0m
[ERROR]: [31mError occurred:[0m
[LOG]: [32mTitle is correct![0m
[LOG]: [32mText found: Ø³Ø§Ù…â€ŒØªÙ„[0m
[LOG]: [32mok sam tel[0m
[LOG]: [32mok sam tel[0m
[LOG]: 9430463
[LOG]: Generated Number:
[LOG]: 9430463
[LOG]: Generated Number:
[LOG]: [32mLogin successful![0m
[LOG]: [32mLogin successful![0m
[ERROR]: [ERROR] 2025-01-08T13:26:41.537Z: NoSuchElementError: no such element: Unable to locate element: {"method":"xpath","selector":"//a[contains(text(),'Ù…Ø¯ÛŒØ±ÛŒØª ØªÙˆÙ„ÛŒØ¯')]"}
  (Session info: chrome=131.0.6778.205)
    at Object.throwDecodedError (C:\Users\m.baharlu\node_modules\selenium-webdriver\lib\error.js:521:15)
    at parseHttpResponse (C:\Users\m.baharlu\node_modules\selenium-webdriver\lib\http.js:514:13)
    at Executor.execute (C:\Users\m.baharlu\node_modules\selenium-webdriver\lib\http.js:446:28)
    at process.processTicksAndRejections (node:internal/process/task_queues:105:5)
    at async Driver.execute (C:\Users\m.baharlu\node_modules\selenium-webdriver\lib\webdriver.js:744:17)
    at async toWireValue (C:\Users\m.baharlu\node_modules\selenium-webdriver\lib\webdriver.js:148:15)
    at async C:\Users\m.baharlu\node_modules\selenium-webdriver\lib\webdriver.js:194:16
    at async forEachKey (C:\Users\m.baharlu\node_modules\selenium-webdriver\lib\webdriver.js:188:9)
    at async convertKeys (C:\Users\m.baharlu\node_modules\selenium-webdriver\lib\webdriver.js:193:3)
    at async Driver.execute (C:\Users\m.baharlu\node_modules\selenium-webdriver\lib\webdriver.js:742:22)
[LOG]: [object Object]
[LOG]: [object Object]
[LOG]: ==== 66 ====
[LOG]: ==== 66 ====
[LOG]: [32mOperator created successfully![0m
[LOG]: [32mOperator created successfully![0m
[ERROR]: [31mError occurred:[0m
[LOG]: ==== 70 ====
[LOG]: ==== 70 ====
[LOG]: [32mTitle is correct![0m
[LOG]: [32mTitle is correct![0m
[LOG]: [32mText found: Ø³Ø§Ù…â€ŒØªÙ„[0m
[LOG]: [32mText found: Ø³Ø§Ù…â€ŒØªÙ„[0m
[LOG]: [32mOperator deleted successfully![0m
[LOG]: [32mOperator deleted successfully![0m
[LOG]: [32mOperator deleted successfully![0m
[LOG]: [object Object]
[LOG]: [object Object]
[LOG]: [object Object]
[LOG]: ==== 66 ====
[LOG]: ==== 66 ====
[LOG]: ==== 66 ====
[LOG]: ==== 70 ====
[LOG]: ==== 70 ====
[LOG]: ==== 70 ====
[LOG]: [32mOperator deleted successfully![0m
[LOG]: [32mOperator deleted successfully![0m
[LOG]: [32mOperator deleted successfully![0m
[LOG]: [32mTitle is correct![0m
[LOG]: [32mTitle is correct![0m
[LOG]: [32mTitle is correct![0m
[ERROR]: [31mError occurred:[0m
[LOG]: [32mLogin successful![0m
[LOG]: [32mLogin successful![0m
[LOG]: [32mLogin successful![0m
[LOG]: [32mOperator created successfully![0m
[LOG]: [32mOperator created successfully![0m
[LOG]: [32mOperator created successfully![0m
[ERROR]: [31mError occurred:[0m
[LOG]: [32mTitle is correct![0m
[LOG]: [32mText found: Ø³Ø§Ù…â€ŒØªÙ„[0m
[LOG]: [32mTitle is correct![0m
[LOG]: [32mText found: Ø³Ø§Ù…â€ŒØªÙ„[0m
[LOG]: [32mLogin successful![0m
[LOG]: [32mLogin successful![0m
[LOG]: Generated Random Number (Mobile):
[LOG]: Generated Random Number (Mobile):
[LOG]: Generated National ID:
[LOG]: Generated National ID:
[LOG]: Generated National ID:
[LOG]: ==== element ====
[LOG]: ==== element ====
[LOG]: ==== element ====
[LOG]: [object Object]
[LOG]: [object Object]
[LOG]: [object Object]
[LOG]: ==== end ===
[LOG]: ==== end ===
[LOG]: ==== end ===
[LOG]: [32mOperator created successfully![0m
[LOG]: [32mOperator created successfully![0m
[LOG]: [32mOperator created successfully![0m
[LOG]: [object Object]
[LOG]: [object Object]
[LOG]: [object Object]
[LOG]: ==== 66 ====
[LOG]: ==== 66 ====
[LOG]: ==== 66 ====
[ERROR]: [31mError occurred:[0m
[LOG]: ==== 70 ====
[LOG]: ==== 70 ====
[LOG]: ==== 70 ====
[LOG]: [32mOperator deleted successfully![0m
[LOG]: [32mOperator deleted successfully![0m
[LOG]: [32mOperator deleted successfully![0m
[LOG]: [32mForm submitted successfully![0m
[LOG]: [32mForm submitted successfully![0m
[LOG]: [32mForm submitted successfully![0m
[LOG]: [32mTitle is correct![0m
[LOG]: [32mText found: Ø³Ø§Ù…â€ŒØªÙ„[0m
[LOG]: [32mok sam tel[0m
[LOG]: 4038309
[LOG]: Generated Number:
[LOG]: [32mLogin successful![0m
[LOG]: [32mTitle is correct![0m
[LOG]: [32mText found: Ø³Ø§Ù…â€ŒØªÙ„[0m
[ERROR]: [ERROR] 2025-01-08T13:28:47.640Z: NoSuchElementError: no such element: Unable to locate element: {"method":"xpath","selector":"//a[contains(text(),'Ù…Ø¯ÛŒØ±ÛŒØª ØªÙˆÙ„ÛŒØ¯')]"}
  (Session info: chrome=131.0.6778.205)
    at Object.throwDecodedError (C:\Users\m.baharlu\node_modules\selenium-webdriver\lib\error.js:521:15)
    at parseHttpResponse (C:\Users\m.baharlu\node_modules\selenium-webdriver\lib\http.js:514:13)
    at Executor.execute (C:\Users\m.baharlu\node_modules\selenium-webdriver\lib\http.js:446:28)
    at process.processTicksAndRejections (node:internal/process/task_queues:105:5)
    at async Driver.execute (C:\Users\m.baharlu\node_modules\selenium-webdriver\lib\webdriver.js:744:17)
    at async toWireValue (C:\Users\m.baharlu\node_modules\selenium-webdriver\lib\webdriver.js:148:15)
    at async C:\Users\m.baharlu\node_modules\selenium-webdriver\lib\webdriver.js:194:16
    at async forEachKey (C:\Users\m.baharlu\node_modules\selenium-webdriver\lib\webdriver.js:188:9)
    at async convertKeys (C:\Users\m.baharlu\node_modules\selenium-webdriver\lib\webdriver.js:193:3)
    at async Driver.execute (C:\Users\m.baharlu\node_modules\selenium-webdriver\lib\webdriver.js:742:22)
[LOG]: Generated Random Number (Mobile):
[LOG]: Generated Random Number (Mobile):
[LOG]: Generated National ID:
[LOG]: Generated National ID:
[LOG]: Generated National ID:
[LOG]: ==== element ====
[LOG]: ==== element ====
[LOG]: ==== element ====
[LOG]: [object Object]
[LOG]: [object Object]
[LOG]: [object Object]
[LOG]: ==== end ===
[LOG]: ==== end ===
[LOG]: ==== end ===
[LOG]: [32mOperator created successfully![0m
[LOG]: [32mOperator created successfully![0m
[LOG]: [32mOperator created successfully![0m
[LOG]: [object Object]
[LOG]: [object Object]
[LOG]: [object Object]
[LOG]: ==== 66 ====
[LOG]: ==== 66 ====
[LOG]: ==== 66 ====
[ERROR]: [31mError occurred:[0m
[LOG]: ==== 70 ====
[LOG]: ==== 70 ====
[LOG]: ==== 70 ====
[LOG]: [32mOperator deleted successfully![0m
[LOG]: [32mOperator deleted successfully![0m
[LOG]: [32mOperator deleted successfully![0m
[LOG]: [32mForm submitted successfully![0m
[LOG]: [32mForm submitted successfully![0m
[LOG]: [32mForm submitted successfully![0m
[LOG]: [32mLogin successful![0m
[LOG]: [32mTitle is correct![0m
[LOG]: [32mText found: Ø³Ø§Ù…â€ŒØªÙ„[0m
[LOG]: [32mok sam tel[0m
[LOG]: 8179142
[LOG]: Generated Number:
[LOG]: [32mTitle is correct![0m
[LOG]: [32mText found: Ø³Ø§Ù…â€ŒØªÙ„[0m
[LOG]: [32mOperator created successfully![0m
[LOG]: [32mOperator created successfully![0m
[ERROR]: [ERROR] 2025-01-08T13:29:51.400Z: NoSuchElementError: no such element: Unable to locate element: {"method":"xpath","selector":"//a[contains(text(),'Ù…Ø¯ÛŒØ±ÛŒØª ØªÙˆÙ„ÛŒØ¯')]"}
  (Session info: chrome=131.0.6778.205)
    at Object.throwDecodedError (C:\Users\m.baharlu\node_modules\selenium-webdriver\lib\error.js:521:15)
    at parseHttpResponse (C:\Users\m.baharlu\node_modules\selenium-webdriver\lib\http.js:514:13)
    at Executor.execute (C:\Users\m.baharlu\node_modules\selenium-webdriver\lib\http.js:446:28)
    at process.processTicksAndRejections (node:internal/process/task_queues:105:5)
    at async Driver.execute (C:\Users\m.baharlu\node_modules\selenium-webdriver\lib\webdriver.js:744:17)
    at async toWireValue (C:\Users\m.baharlu\node_modules\selenium-webdriver\lib\webdriver.js:148:15)
    at async C:\Users\m.baharlu\node_modules\selenium-webdriver\lib\webdriver.js:194:16
    at async forEachKey (C:\Users\m.baharlu\node_modules\selenium-webdriver\lib\webdriver.js:188:9)
    at async convertKeys (C:\Users\m.baharlu\node_modules\selenium-webdriver\lib\webdriver.js:193:3)
    at async Driver.execute (C:\Users\m.baharlu\node_modules\selenium-webdriver\lib\webdriver.js:742:22)
[LOG]: Generated Random Number (Mobile):
[LOG]: Generated Random Number (Mobile):
[LOG]: Generated National ID:
[LOG]: Generated National ID:
[LOG]: Generated National ID:
[LOG]: ==== element ====
[LOG]: ==== element ====
[LOG]: ==== element ====
[LOG]: [object Object]
[LOG]: [object Object]
[LOG]: [object Object]
[LOG]: ==== end ===
[LOG]: ==== end ===
[LOG]: ==== end ===
[ERROR]: [31mError occurred:[0m
[LOG]: [object Object]
[LOG]: [object Object]
[LOG]: [object Object]
[LOG]: ==== 66 ====
[LOG]: ==== 66 ====
[LOG]: ==== 66 ====
[LOG]: ==== 70 ====
[LOG]: ==== 70 ====
[LOG]: ==== 70 ====
[LOG]: [32mOperator deleted successfully![0m
[LOG]: [32mOperator deleted successfully![0m
[LOG]: [32mOperator deleted successfully![0m
[LOG]: [32mForm submitted successfully![0m
[LOG]: [32mForm submitted successfully![0m
[LOG]: [32mForm submitted successfully![0m
[LOG]: [32mok sam tel[0m
[LOG]: 6272613
[LOG]: Generated Number:
[LOG]: [32mok sam tel[0m
[LOG]: 7990008
[LOG]: Generated Number:
[LOG]: [32mok sam tel[0m
[LOG]: 6636929
[LOG]: Generated Number:
[LOG]: [32mok sam tel[0m
[LOG]: 6931252
[LOG]: Generated Number:
[LOG]: [32mok sam tel[0m
[LOG]: 3111660
[LOG]: Generated Number:
[LOG]: [32mok sam tel[0m
[LOG]: 4219605
[LOG]: Generated Number:
[LOG]: [32mok sam tel[0m
[LOG]: 6846221
[LOG]: Generated Number:
[LOG]: [32mok sam tel[0m
[LOG]: 2174706
[LOG]: Generated Number:
[LOG]: [32mok sam tel[0m
[LOG]: 9480788
[LOG]: Generated Number:
[LOG]: [32mok sam tel[0m
[LOG]: 9415990
[LOG]: Generated Number:
[LOG]: [object Object]
[LOG]: ==== 66 ====
[LOG]: ==== 70 ====
[LOG]: [32mOperator deleted successfully![0m
[LOG]: [32mok sam tel[0m
[LOG]: 8921368
[LOG]: Generated Number:
[LOG]: [32mTitle is correct![0m
[LOG]: [32mTitle is correct![0m
[LOG]: [32mText found: Ø³Ø§Ù…â€ŒØªÙ„[0m
[LOG]: [32mText found: Ø³Ø§Ù…â€ŒØªÙ„[0m
[LOG]: [32mText found: Ø³Ø§Ù…â€ŒØªÙ„[0m
[LOG]: [32mLogin successful![0m
[LOG]: [32mLogin successful![0m
[ERROR]: [31mError occurred:[0m
[ERROR]: [ERROR] 2025-01-18T09:59:01.098Z: NoSuchElementError: no such element: Unable to locate element: {"method":"xpath","selector":"//a[contains(text(),'Ù…Ø¯ÛŒØ±ÛŒØª ØªÙˆÙ„ÛŒØ¯')]"}
  (Session info: chrome=131.0.6778.266)
    at Object.throwDecodedError (C:\Users\m.baharlu\node_modules\selenium-webdriver\lib\error.js:521:15)
    at parseHttpResponse (C:\Users\m.baharlu\node_modules\selenium-webdriver\lib\http.js:514:13)
    at Executor.execute (C:\Users\m.baharlu\node_modules\selenium-webdriver\lib\http.js:446:28)
    at process.processTicksAndRejections (node:internal/process/task_queues:105:5)
    at async Driver.execute (C:\Users\m.baharlu\node_modules\selenium-webdriver\lib\webdriver.js:744:17)
    at async toWireValue (C:\Users\m.baharlu\node_modules\selenium-webdriver\lib\webdriver.js:148:15)
    at async C:\Users\m.baharlu\node_modules\selenium-webdriver\lib\webdriver.js:194:16
    at async forEachKey (C:\Users\m.baharlu\node_modules\selenium-webdriver\lib\webdriver.js:188:9)
    at async convertKeys (C:\Users\m.baharlu\node_modules\selenium-webdriver\lib\webdriver.js:193:3)
    at async Driver.execute (C:\Users\m.baharlu\node_modules\selenium-webdriver\lib\webdriver.js:742:22)
[ERROR]: [31mError occurred:[0m
[ERROR]: [31mError occurred:[0m
[LOG]: Generated National ID:
[LOG]: [32mok sam tel[0m
[LOG]: 7470595
[LOG]: Generated Number:
[LOG]: [32mTitle is correct![0m
[LOG]: [32mText found: Ø³Ø§Ù…â€ŒØªÙ„[0m
[LOG]: [32mTitle is correct![0m
[LOG]: [32mText found: Ø³Ø§Ù…â€ŒØªÙ„[0m
[LOG]: [32mLogin successful![0m
[LOG]: [32mLogin successful![0m
[ERROR]: [ERROR] 2025-01-18T11:04:32.220Z: NoSuchElementError: no such element: Unable to locate element: {"method":"xpath","selector":"//a[contains(text(),'Ù…Ø¯ÛŒØ±ÛŒØª ØªÙˆÙ„ÛŒØ¯')]"}
  (Session info: chrome=131.0.6778.266)
    at Object.throwDecodedError (C:\Users\m.baharlu\node_modules\selenium-webdriver\lib\error.js:521:15)
    at parseHttpResponse (C:\Users\m.baharlu\node_modules\selenium-webdriver\lib\http.js:514:13)
    at Executor.execute (C:\Users\m.baharlu\node_modules\selenium-webdriver\lib\http.js:446:28)
    at process.processTicksAndRejections (node:internal/process/task_queues:105:5)
    at async Driver.execute (C:\Users\m.baharlu\node_modules\selenium-webdriver\lib\webdriver.js:744:17)
    at async toWireValue (C:\Users\m.baharlu\node_modules\selenium-webdriver\lib\webdriver.js:148:15)
    at async C:\Users\m.baharlu\node_modules\selenium-webdriver\lib\webdriver.js:194:16
    at async forEachKey (C:\Users\m.baharlu\node_modules\selenium-webdriver\lib\webdriver.js:188:9)
    at async convertKeys (C:\Users\m.baharlu\node_modules\selenium-webdriver\lib\webdriver.js:193:3)
    at async Driver.execute (C:\Users\m.baharlu\node_modules\selenium-webdriver\lib\webdriver.js:742:22)
[LOG]: Generated Random Number (Mobile):
[LOG]: Generated Random Number (Mobile):
[LOG]: Generated National ID:
[LOG]: Generated National ID:
[LOG]: Generated National ID:
[LOG]: [32mOperator created successfully![0m
[LOG]: [32mOperator created successfully![0m
[LOG]: [32mOperator created successfully![0m
[ERROR]: [31mError occurred:[0m
[ERROR]: [31mError occurred:[0m
[ERROR]: [31mError occurred:[0m
[LOG]: [32mok sam tel[0m
[LOG]: 6024399
[LOG]: Generated Number:
[LOG]: [32mTitle is correct![0m
[LOG]: [32mText found: Ø³Ø§Ù…â€ŒØªÙ„[0m
[LOG]: [32mTitle is correct![0m
[LOG]: [32mTitle is correct![0m
[LOG]: [32mText found: Ø³Ø§Ù…â€ŒØªÙ„[0m
[LOG]: [32mText found: Ø³Ø§Ù…â€ŒØªÙ„[0m
[ERROR]: [ERROR] 2025-01-19T10:18:34.581Z: NoSuchElementError: no such element: Unable to locate element: {"method":"xpath","selector":"//a[contains(text(),'Ù…Ø¯ÛŒØ±ÛŒØª ØªÙˆÙ„ÛŒØ¯')]"}
  (Session info: chrome=131.0.6778.266)
    at Object.throwDecodedError (C:\Users\m.baharlu\node_modules\selenium-webdriver\lib\error.js:521:15)
    at parseHttpResponse (C:\Users\m.baharlu\node_modules\selenium-webdriver\lib\http.js:514:13)
    at Executor.execute (C:\Users\m.baharlu\node_modules\selenium-webdriver\lib\http.js:446:28)
    at process.processTicksAndRejections (node:internal/process/task_queues:105:5)
    at async Driver.execute (C:\Users\m.baharlu\node_modules\selenium-webdriver\lib\webdriver.js:744:17)
    at async toWireValue (C:\Users\m.baharlu\node_modules\selenium-webdriver\lib\webdriver.js:148:15)
    at async C:\Users\m.baharlu\node_modules\selenium-webdriver\lib\webdriver.js:194:16
    at async forEachKey (C:\Users\m.baharlu\node_modules\selenium-webdriver\lib\webdriver.js:188:9)
    at async convertKeys (C:\Users\m.baharlu\node_modules\selenium-webdriver\lib\webdriver.js:193:3)
    at async Driver.execute (C:\Users\m.baharlu\node_modules\selenium-webdriver\lib\webdriver.js:742:22)
[LOG]: [32mLogin successful![0m
[LOG]: [32mLogin successful![0m
[LOG]: Generated Random Number (Mobile):
[LOG]: Generated Random Number (Mobile):
[LOG]: Generated National ID:
[LOG]: Generated National ID:
[LOG]: Generated National ID:
[LOG]: [32mOperator created successfully![0m
[LOG]: [32mOperator created successfully![0m
[LOG]: [32mOperator created successfully![0m
[ERROR]: [31mError occurred:[0m
[ERROR]: [31mError occurred:[0m
[ERROR]: [31mError occurred:[0m
[LOG]: [32mok sam tel[0m
[LOG]: 8494741
[LOG]: Generated Number:
[LOG]: [32mTitle is correct![0m
[LOG]: [32mText found: Ø³Ø§Ù…â€ŒØªÙ„[0m
[LOG]: [32mTitle is correct![0m
[LOG]: [32mTitle is correct![0m
[LOG]: [32mText found: Ø³Ø§Ù…â€ŒØªÙ„[0m
[LOG]: [32mText found: Ø³Ø§Ù…â€ŒØªÙ„[0m
[ERROR]: [ERROR] 2025-01-19T10:21:31.810Z: NoSuchElementError: no such element: Unable to locate element: {"method":"xpath","selector":"//a[contains(text(),'Ù…Ø¯ÛŒØ±ÛŒØª ØªÙˆÙ„ÛŒØ¯')]"}
  (Session info: chrome=131.0.6778.266)
    at Object.throwDecodedError (C:\Users\m.baharlu\node_modules\selenium-webdriver\lib\error.js:521:15)
    at parseHttpResponse (C:\Users\m.baharlu\node_modules\selenium-webdriver\lib\http.js:514:13)
    at Executor.execute (C:\Users\m.baharlu\node_modules\selenium-webdriver\lib\http.js:446:28)
    at process.processTicksAndRejections (node:internal/process/task_queues:105:5)
    at async Driver.execute (C:\Users\m.baharlu\node_modules\selenium-webdriver\lib\webdriver.js:744:17)
    at async toWireValue (C:\Users\m.baharlu\node_modules\selenium-webdriver\lib\webdriver.js:148:15)
    at async C:\Users\m.baharlu\node_modules\selenium-webdriver\lib\webdriver.js:194:16
    at async forEachKey (C:\Users\m.baharlu\node_modules\selenium-webdriver\lib\webdriver.js:188:9)
    at async convertKeys (C:\Users\m.baharlu\node_modules\selenium-webdriver\lib\webdriver.js:193:3)
    at async Driver.execute (C:\Users\m.baharlu\node_modules\selenium-webdriver\lib\webdriver.js:742:22)
[LOG]: [32mLogin successful![0m
[LOG]: [32mLogin successful![0m
[ERROR]: [31mError occurred:[0m
[ERROR]: [31mError occurred:[0m
[ERROR]: [31mError occurred:[0m
[LOG]: Generated National ID:
[LOG]: ==== element ====
[LOG]: [object Object]
[LOG]: ==== end ===
[LOG]: [32mForm submitted successfully![0m
[LOG]: [object Object]
[LOG]: ==== 66 ====
[LOG]: ==== 70 ====
[LOG]: [32mOperator deleted successfully![0m
[LOG]: [32mok sam tel[0m
[LOG]: 7569469
[LOG]: Generated Number:
[LOG]: [32mTitle is correct![0m
[LOG]: [32mText found: Ø³Ø§Ù…â€ŒØªÙ„[0m
[LOG]: [32mTitle is correct![0m
[LOG]: [32mText found: Ø³Ø§Ù…â€ŒØªÙ„[0m
[ERROR]: [ERROR] 2025-01-19T11:04:36.107Z: NoSuchElementError: no such element: Unable to locate element: {"method":"xpath","selector":"//a[contains(text(),'Ù…Ø¯ÛŒØ±ÛŒØª ØªÙˆÙ„ÛŒØ¯')]"}
  (Session info: chrome=131.0.6778.266)
    at Object.throwDecodedError (C:\Users\m.baharlu\node_modules\selenium-webdriver\lib\error.js:521:15)
    at parseHttpResponse (C:\Users\m.baharlu\node_modules\selenium-webdriver\lib\http.js:514:13)
    at Executor.execute (C:\Users\m.baharlu\node_modules\selenium-webdriver\lib\http.js:446:28)
    at process.processTicksAndRejections (node:internal/process/task_queues:105:5)
    at async Driver.execute (C:\Users\m.baharlu\node_modules\selenium-webdriver\lib\webdriver.js:744:17)
    at async toWireValue (C:\Users\m.baharlu\node_modules\selenium-webdriver\lib\webdriver.js:148:15)
    at async C:\Users\m.baharlu\node_modules\selenium-webdriver\lib\webdriver.js:194:16
    at async forEachKey (C:\Users\m.baharlu\node_modules\selenium-webdriver\lib\webdriver.js:188:9)
    at async convertKeys (C:\Users\m.baharlu\node_modules\selenium-webdriver\lib\webdriver.js:193:3)
    at async Driver.execute (C:\Users\m.baharlu\node_modules\selenium-webdriver\lib\webdriver.js:742:22)
[LOG]: [32mLogin successful![0m
[LOG]: [32mLogin successful![0m
[LOG]: Generated Random Number (Mobile):
[LOG]: Generated Random Number (Mobile):
[LOG]: Generated National ID:
[LOG]: Generated National ID:
[LOG]: Generated National ID:
[LOG]: ==== element ====
[LOG]: ==== element ====
[LOG]: ==== element ====
[LOG]: [object Object]
[LOG]: [object Object]
[LOG]: [object Object]
[LOG]: ==== end ===
[LOG]: ==== end ===
[LOG]: ==== end ===
[LOG]: [32mOperator created successfully![0m
[LOG]: [32mOperator created successfully![0m
[LOG]: [32mOperator created successfully![0m
[ERROR]: [31mError occurred:[0m
[LOG]: [32mForm submitted successfully![0m
[LOG]: [32mForm submitted successfully![0m
[LOG]: [32mForm submitted successfully![0m
[ERROR]: [31mError occurred:[0m
[ERROR]: [ERROR] 2025-05-06T07:50:45.445Z: NoSuchWindowError: no such window: target window already closed
from unknown error: web view not found
  (Session info: chrome=131.0.6778.267)
    at Object.throwDecodedError (C:\Users\m.baharlu\node_modules\selenium-webdriver\lib\error.js:521:15)
    at parseHttpResponse (C:\Users\m.baharlu\node_modules\selenium-webdriver\lib\http.js:514:13)
    at Executor.execute (C:\Users\m.baharlu\node_modules\selenium-webdriver\lib\http.js:446:28)
    at process.processTicksAndRejections (node:internal/process/task_queues:105:5)
    at async Driver.execute (C:\Users\m.baharlu\node_modules\selenium-webdriver\lib\webdriver.js:744:17)
    at async toWireValue (C:\Users\m.baharlu\node_modules\selenium-webdriver\lib\webdriver.js:148:15)
    at async C:\Users\m.baharlu\node_modules\selenium-webdriver\lib\webdriver.js:194:16
    at async forEachKey (C:\Users\m.baharlu\node_modules\selenium-webdriver\lib\webdriver.js:188:9)
    at async convertKeys (C:\Users\m.baharlu\node_modules\selenium-webdriver\lib\webdriver.js:193:3)
    at async Driver.execute (C:\Users\m.baharlu\node_modules\selenium-webdriver\lib\webdriver.js:742:22)
[ERROR]: [31mError occurred:[0m
[LOG]: [32mTitle is correct![0m
[LOG]: [32mText found: Ø³Ø§Ù…â€ŒØªÙ„[0m
[ERROR]: [31mError occurred:[0m
[ERROR]: [31mError occurred:[0m
[LOG]: [32mok sam tel[0m
[LOG]: 9708355
[LOG]: Generated Number:
[LOG]: [32mTitle is correct![0m
[LOG]: [32mText found: Ø³Ø§Ù…â€ŒØªÙ„[0m
[ERROR]: [ERROR] 2025-07-22T06:04:56.830Z: NoSuchElementError: no such element: Unable to locate element: {"method":"xpath","selector":"//a[contains(text(),'Ù…Ø¯ÛŒØ±ÛŒØª ØªÙˆÙ„ÛŒØ¯')]"}
  (Session info: chrome=138.0.7204.158)
    at Object.throwDecodedError (D:\NodeConsoleApp2\node_modules\selenium-webdriver\lib\error.js:523:15)
    at parseHttpResponse (D:\NodeConsoleApp2\node_modules\selenium-webdriver\lib\http.js:524:13)
    at Executor.execute (D:\NodeConsoleApp2\node_modules\selenium-webdriver\lib\http.js:456:28)
    at process.processTicksAndRejections (node:internal/process/task_queues:105:5)
    at async Driver.execute (D:\NodeConsoleApp2\node_modules\selenium-webdriver\lib\webdriver.js:745:17)
    at async toWireValue (D:\NodeConsoleApp2\node_modules\selenium-webdriver\lib\webdriver.js:149:15)
    at async D:\NodeConsoleApp2\node_modules\selenium-webdriver\lib\webdriver.js:195:16
    at async forEachKey (D:\NodeConsoleApp2\node_modules\selenium-webdriver\lib\webdriver.js:189:9)
    at async convertKeys (D:\NodeConsoleApp2\node_modules\selenium-webdriver\lib\webdriver.js:194:3)
    at async Driver.execute (D:\NodeConsoleApp2\node_modules\selenium-webdriver\lib\webdriver.js:743:22)
[LOG]: [32mLogin successful![0m
[LOG]: [32mTitle is correct![0m
[LOG]: [32mText found: Ø³Ø§Ù…â€ŒØªÙ„[0m
[ERROR]: [31mError occurred:[0m
[ERROR]: [31mError occurred:[0m
[ERROR]: [31mError occurred:[0m
[LOG]: [32mok sam tel[0m
[LOG]: 0902699
[LOG]: Generated Number:
[LOG]: [32mTitle is correct![0m
[LOG]: [32mText found: Ø³Ø§Ù…â€ŒØªÙ„[0m
[LOG]: [32mTitle is correct![0m
[LOG]: [32mText found: Ø³Ø§Ù…â€ŒØªÙ„[0m
[ERROR]: [ERROR] 2025-07-22T06:05:27.944Z: NoSuchElementError: no such element: Unable to locate element: {"method":"xpath","selector":"//a[contains(text(),'Ù…Ø¯ÛŒØ±ÛŒØª ØªÙˆÙ„ÛŒØ¯')]"}
  (Session info: chrome=138.0.7204.158)
    at Object.throwDecodedError (D:\NodeConsoleApp2\node_modules\selenium-webdriver\lib\error.js:523:15)
    at parseHttpResponse (D:\NodeConsoleApp2\node_modules\selenium-webdriver\lib\http.js:524:13)
    at Executor.execute (D:\NodeConsoleApp2\node_modules\selenium-webdriver\lib\http.js:456:28)
    at process.processTicksAndRejections (node:internal/process/task_queues:105:5)
    at async Driver.execute (D:\NodeConsoleApp2\node_modules\selenium-webdriver\lib\webdriver.js:745:17)
    at async toWireValue (D:\NodeConsoleApp2\node_modules\selenium-webdriver\lib\webdriver.js:149:15)
    at async D:\NodeConsoleApp2\node_modules\selenium-webdriver\lib\webdriver.js:195:16
    at async forEachKey (D:\NodeConsoleApp2\node_modules\selenium-webdriver\lib\webdriver.js:189:9)
    at async convertKeys (D:\NodeConsoleApp2\node_modules\selenium-webdriver\lib\webdriver.js:194:3)
    at async Driver.execute (D:\NodeConsoleApp2\node_modules\selenium-webdriver\lib\webdriver.js:743:22)
[LOG]: [32mLogin successful![0m
[LOG]: [32mLogin successful![0m
[ERROR]: [31mError occurred:[0m
[ERROR]: [31mError occurred:[0m
[ERROR]: [31mError occurred:[0m
[LOG]: [32mok sam tel[0m
[LOG]: 2798515
[LOG]: Generated Number:
[LOG]: [32mTitle is correct![0m
[LOG]: [32mText found: Ø³Ø§Ù…â€ŒØªÙ„[0m
[LOG]: [32mTitle is correct![0m
[LOG]: [32mTitle is correct![0m
[LOG]: [32mText found: Ø³Ø§Ù…â€ŒØªÙ„[0m
[LOG]: [32mText found: Ø³Ø§Ù…â€ŒØªÙ„[0m
[LOG]: [32mLogin successful![0m
[LOG]: [32mLogin successful![0m
[ERROR]: [ERROR] 2025-08-20T06:18:42.101Z: NoSuchElementError: no such element: Unable to locate element: {"method":"xpath","selector":"//a[contains(text(),'Ù…Ø¯ÛŒØ±ÛŒØª ØªÙˆÙ„ÛŒØ¯')]"}
  (Session info: chrome=139.0.7258.128)
    at Object.throwDecodedError (C:\Users\m.baharlou\Downloads\NodeConsoleApp2\node_modules\selenium-webdriver\lib\error.js:523:15)
    at parseHttpResponse (C:\Users\m.baharlou\Downloads\NodeConsoleApp2\node_modules\selenium-webdriver\lib\http.js:524:13)
    at Executor.execute (C:\Users\m.baharlou\Downloads\NodeConsoleApp2\node_modules\selenium-webdriver\lib\http.js:456:28)
    at process.processTicksAndRejections (node:internal/process/task_queues:105:5)
    at async Driver.execute (C:\Users\m.baharlou\Downloads\NodeConsoleApp2\node_modules\selenium-webdriver\lib\webdriver.js:745:17)
    at async toWireValue (C:\Users\m.baharlou\Downloads\NodeConsoleApp2\node_modules\selenium-webdriver\lib\webdriver.js:149:15)
    at async C:\Users\m.baharlou\Downloads\NodeConsoleApp2\node_modules\selenium-webdriver\lib\webdriver.js:195:16
    at async forEachKey (C:\Users\m.baharlou\Downloads\NodeConsoleApp2\node_modules\selenium-webdriver\lib\webdriver.js:189:9)
    at async convertKeys (C:\Users\m.baharlou\Downloads\NodeConsoleApp2\node_modules\selenium-webdriver\lib\webdriver.js:194:3)
    at async Driver.execute (C:\Users\m.baharlou\Downloads\NodeConsoleApp2\node_modules\selenium-webdriver\lib\webdriver.js:743:22)
[ERROR]: [31mError occurred:[0m
